"../../../Engine/Content/EditorResources/S_Actor.ubulk" 0
"../../../Engine/Content/EditorResources/S_Actor.uasset" 1
"../../../Engine/Content/EditorResources/S_Actor.uexp" 2
"../../../Engine/Content/EditorResources/S_BoxReflectionCapture.uasset" 3
"../../../Engine/Content/EditorResources/S_BoxReflectionCapture.uexp" 4
"../../../Engine/Content/EngineResources/DefaultTexture.ubulk" 5
"../../../Engine/Content/EngineResources/DefaultTexture.uasset" 6
"../../../Engine/Content/EngineResources/DefaultTexture.uexp" 7
"../../../Engine/Content/EngineResources/DefaultTextureCube.uasset" 8
"../../../Engine/Content/EngineResources/DefaultTextureCube.uexp" 9
"../../../Engine/Content/EngineResources/DefaultVolumeTexture2D.uasset" 10
"../../../Engine/Content/EngineResources/DefaultVolumeTexture2D.uexp" 11
"../../../Engine/Content/EngineResources/DefaultVolumeTexture.uasset" 12
"../../../Engine/Content/EngineResources/DefaultVolumeTexture.uexp" 13
"../../../Engine/Content/EditorResources/S_Trigger.ubulk" 14
"../../../Engine/Content/EditorResources/S_Trigger.uasset" 15
"../../../Engine/Content/EditorResources/S_Trigger.uexp" 16
"../../../Engine/Content/EditorResources/S_TriggerBox.uasset" 17
"../../../Engine/Content/EditorResources/S_TriggerBox.uexp" 18
"../../../Engine/Content/EditorResources/S_TriggerCapsule.uasset" 19
"../../../Engine/Content/EditorResources/S_TriggerCapsule.uexp" 20
"../../../Engine/Content/EditorResources/S_TriggerSphere.uasset" 21
"../../../Engine/Content/EditorResources/S_TriggerSphere.uexp" 22
"../../../Engine/Content/EngineMeshes/Sphere.ubulk" 23
"../../../Engine/Content/EngineMeshes/Sphere.uasset" 24
"../../../Engine/Content/EngineMeshes/Sphere.uexp" 25
"../../../Engine/Content/EngineResources/GradientTexture0.uasset" 26
"../../../Engine/Content/EngineResources/GradientTexture0.uexp" 27
"../../../Engine/Content/EngineResources/Black.uasset" 28
"../../../Engine/Content/EngineResources/Black.uexp" 29
"../../../Engine/Content/VREditor/LaserPointer/VR_LaserPower_01.ubulk" 30
"../../../Engine/Content/VREditor/LaserPointer/VR_LaserPower_01.uasset" 31
"../../../Engine/Content/VREditor/LaserPointer/VR_LaserPower_01.uexp" 32
"../../../Engine/Content/VREditor/TransformGizmo/TransformGizmoMaterial.uasset" 33
"../../../Engine/Content/VREditor/TransformGizmo/TransformGizmoMaterial.uexp" 34
"../../../Engine/Content/VREditor/TransformGizmo/TranslucentTransformGizmoMaterial.uasset" 35
"../../../Engine/Content/VREditor/TransformGizmo/TranslucentTransformGizmoMaterial.uexp" 36
"../../../Engine/Content/VREditor/TransformGizmo/BoundingBoxCorner.ubulk" 37
"../../../Engine/Content/VREditor/TransformGizmo/BoundingBoxCorner.uasset" 38
"../../../Engine/Content/VREditor/TransformGizmo/BoundingBoxCorner.uexp" 39
"../../../Engine/Content/VREditor/TransformGizmo/BoundingBoxEdge.ubulk" 40
"../../../Engine/Content/VREditor/TransformGizmo/BoundingBoxEdge.uasset" 41
"../../../Engine/Content/VREditor/TransformGizmo/BoundingBoxEdge.uexp" 42
"../../../Engine/Content/VREditor/TransformGizmo/Main.uasset" 43
"../../../Engine/Content/VREditor/TransformGizmo/Main.uexp" 44
"../../../Engine/Content/VREditor/TransformGizmo/Xray.uasset" 45
"../../../Engine/Content/VREditor/TransformGizmo/Xray.uexp" 46
"../../../Engine/Content/VREditor/TransformGizmo/SM_Sequencer_Node.ubulk" 47
"../../../Engine/Content/VREditor/TransformGizmo/SM_Sequencer_Node.uasset" 48
"../../../Engine/Content/VREditor/TransformGizmo/SM_Sequencer_Node.uexp" 49
"../../../Engine/Content/EditorResources/S_Solver.ubulk" 50
"../../../Engine/Content/EditorResources/S_Solver.uasset" 51
"../../../Engine/Content/EditorResources/S_Solver.uexp" 52
"../../../Engine/Content/EditorMaterials/Camera/CineMat.uasset" 53
"../../../Engine/Content/EditorMaterials/Camera/CineMat.uexp" 54
"../../../Engine/Content/EditorMaterials/Camera/MI_CineMat_Rig.uasset" 55
"../../../Engine/Content/EditorMaterials/Camera/MI_CineMat_Rig.uexp" 56
"../../../Engine/Content/EditorMeshes/Camera/SM_CraneRig_Base.ubulk" 57
"../../../Engine/Content/EditorMeshes/Camera/SM_CraneRig_Base.uasset" 58
"../../../Engine/Content/EditorMeshes/Camera/SM_CraneRig_Base.uexp" 59
"../../../Engine/Content/EditorMeshes/Camera/SM_CraneRig_Arm.ubulk" 60
"../../../Engine/Content/EditorMeshes/Camera/SM_CraneRig_Arm.uasset" 61
"../../../Engine/Content/EditorMeshes/Camera/SM_CraneRig_Arm.uexp" 62
"../../../Engine/Content/EditorMeshes/Camera/SM_CraneRig_Mount.ubulk" 63
"../../../Engine/Content/EditorMeshes/Camera/SM_CraneRig_Mount.uasset" 64
"../../../Engine/Content/EditorMeshes/Camera/SM_CraneRig_Mount.uexp" 65
"../../../Engine/Content/EditorMeshes/Camera/SM_CraneRig_Body.ubulk" 66
"../../../Engine/Content/EditorMeshes/Camera/SM_CraneRig_Body.uasset" 67
"../../../Engine/Content/EditorMeshes/Camera/SM_CraneRig_Body.uexp" 68
"../../../Engine/Content/EditorMeshes/Camera/SM_RailRig_Track.ubulk" 69
"../../../Engine/Content/EditorMeshes/Camera/SM_RailRig_Track.uasset" 70
"../../../Engine/Content/EditorMeshes/Camera/SM_RailRig_Track.uexp" 71
"../../../Engine/Content/EditorMeshes/Camera/SM_RailRig_Mount.ubulk" 72
"../../../Engine/Content/EditorMeshes/Camera/SM_RailRig_Mount.uasset" 73
"../../../Engine/Content/EditorMeshes/Camera/SM_RailRig_Mount.uexp" 74
"../../../Engine/Content/EngineMaterials/T_Default_Material_Grid_M.ubulk" 75
"../../../Engine/Content/EngineMaterials/T_Default_Material_Grid_M.uasset" 76
"../../../Engine/Content/EngineMaterials/T_Default_Material_Grid_M.uexp" 77
"../../../Engine/Content/EngineMaterials/T_Default_Material_Grid_N.ubulk" 78
"../../../Engine/Content/EngineMaterials/T_Default_Material_Grid_N.uasset" 79
"../../../Engine/Content/EngineMaterials/T_Default_Material_Grid_N.uexp" 80
"../../../Engine/Content/Functions/Engine_MaterialFunctions01/Opacity/CameraDepthFade.uasset" 81
"../../../Engine/Content/Functions/Engine_MaterialFunctions01/Opacity/CameraDepthFade.uexp" 82
"../../../Engine/Content/EngineMaterials/WorldGridMaterial.uasset" 83
"../../../Engine/Content/EngineMaterials/WorldGridMaterial.uexp" 84
"../../../Engine/Content/ArtTools/RenderToTexture/Meshes/S_1_Unit_Plane.ubulk" 85
"../../../Engine/Content/ArtTools/RenderToTexture/Meshes/S_1_Unit_Plane.uasset" 86
"../../../Engine/Content/ArtTools/RenderToTexture/Meshes/S_1_Unit_Plane.uexp" 87
"../../../Engine/Content/EditorMaterials/ParticleSystems/PSysThumbnail_NoImage.ubulk" 88
"../../../Engine/Content/EditorMaterials/ParticleSystems/PSysThumbnail_NoImage.uasset" 89
"../../../Engine/Content/EditorMaterials/ParticleSystems/PSysThumbnail_NoImage.uexp" 90
"../../../Engine/Content/EditorMaterials/ParticleSystems/PSysThumbnail_OOD.ubulk" 91
"../../../Engine/Content/EditorMaterials/ParticleSystems/PSysThumbnail_OOD.uasset" 92
"../../../Engine/Content/EditorMaterials/ParticleSystems/PSysThumbnail_OOD.uexp" 93
"../../../Engine/Content/EditorLandscapeResources/SplineEditorMeshMat.uasset" 94
"../../../Engine/Content/EditorLandscapeResources/SplineEditorMeshMat.uexp" 95
"../../../Engine/Content/EditorLandscapeResources/SplineEditorMesh.ubulk" 96
"../../../Engine/Content/EditorLandscapeResources/SplineEditorMesh.uasset" 97
"../../../Engine/Content/EditorLandscapeResources/SplineEditorMesh.uexp" 98
"../../../Engine/Plugins/Media/MediaPlate/Content/SM_MediaPlateScreen.ubulk" 99
"../../../Engine/Plugins/Media/MediaPlate/Content/SM_MediaPlateScreen.uasset" 100
"../../../Engine/Plugins/Media/MediaPlate/Content/SM_MediaPlateScreen.uexp" 101
"../../../Engine/Content/EngineMaterials/DefaultBokeh.uasset" 102
"../../../Engine/Content/EngineMaterials/DefaultBokeh.uexp" 103
"../../../Engine/Content/EngineMaterials/MiniFont.uasset" 104
"../../../Engine/Content/EngineMaterials/MiniFont.uexp" 105
"../../../Engine/Content/EngineMaterials/WeightMapPlaceholderTexture.uasset" 106
"../../../Engine/Content/EngineMaterials/WeightMapPlaceholderTexture.uexp" 107
"../../../Engine/Content/EngineMaterials/WeightMapArrayPlaceholderTexture.uasset" 108
"../../../Engine/Content/EngineMaterials/WeightMapArrayPlaceholderTexture.uexp" 109
"../../../Engine/Content/EngineMaterials/DefaultWhiteGrid.ubulk" 110
"../../../Engine/Content/EngineMaterials/DefaultWhiteGrid.uasset" 111
"../../../Engine/Content/EngineMaterials/DefaultWhiteGrid.uexp" 112
"../../../Engine/Content/EngineMaterials/PreintegratedSkinBRDF.uasset" 113
"../../../Engine/Content/EngineMaterials/PreintegratedSkinBRDF.uexp" 114
"../../../Engine/Content/BasicShapes/Cube.ubulk" 115
"../../../Engine/Content/BasicShapes/Cube.uasset" 116
"../../../Engine/Content/BasicShapes/Cube.uexp" 117
"../../../Engine/Content/BasicShapes/BasicShapeMaterial.uasset" 118
"../../../Engine/Content/BasicShapes/BasicShapeMaterial.uexp" 119
"C:/Users/matte/Documents/Unreal Projects/UnrealCPPSimpleGame/Content/Interactable/BP_OffOnObject.uasset" 120
"C:/Users/matte/Documents/Unreal Projects/UnrealCPPSimpleGame/Content/Interactable/BP_OffOnObject.uexp" 121
"../../../Engine/Plugins/Runtime/MeshModelingToolset/Content/Materials/M_DynamicMeshComponentVtxColor.uasset" 122
"../../../Engine/Plugins/Runtime/MeshModelingToolset/Content/Materials/M_DynamicMeshComponentVtxColor.uexp" 123
"../../../Engine/Plugins/Interchange/Runtime/Content/Pipelines/DefaultTexturePipeline.uasset" 124
"../../../Engine/Plugins/Interchange/Runtime/Content/Pipelines/DefaultTexturePipeline.uexp" 125
"../../../Engine/Plugins/Interchange/Runtime/Content/Pipelines/DefaultSceneLevelPipeline.uasset" 126
"../../../Engine/Plugins/Interchange/Runtime/Content/Pipelines/DefaultSceneLevelPipeline.uexp" 127
"../../../Engine/Plugins/Interchange/Runtime/Content/Pipelines/DefaultSceneAssetsPipeline.uasset" 128
"../../../Engine/Plugins/Interchange/Runtime/Content/Pipelines/DefaultSceneAssetsPipeline.uexp" 129
"../../../Engine/Plugins/Interchange/Runtime/Content/Pipelines/DefaultMaterialXPipeline.uasset" 130
"../../../Engine/Plugins/Interchange/Runtime/Content/Pipelines/DefaultMaterialXPipeline.uexp" 131
"../../../Engine/Plugins/Interchange/Runtime/Content/Pipelines/DefaultMaterialPipeline.uasset" 132
"../../../Engine/Plugins/Interchange/Runtime/Content/Pipelines/DefaultMaterialPipeline.uexp" 133
"../../../Engine/Plugins/Interchange/Runtime/Content/Pipelines/DefaultGLTFSceneAssetsPipeline.uasset" 134
"../../../Engine/Plugins/Interchange/Runtime/Content/Pipelines/DefaultGLTFSceneAssetsPipeline.uexp" 135
"../../../Engine/Plugins/Interchange/Runtime/Content/Pipelines/DefaultGLTFPipeline.uasset" 136
"../../../Engine/Plugins/Interchange/Runtime/Content/Pipelines/DefaultGLTFPipeline.uexp" 137
"../../../Engine/Plugins/Interchange/Runtime/Content/Pipelines/DefaultGLTFAssetsPipeline.uasset" 138
"../../../Engine/Plugins/Interchange/Runtime/Content/Pipelines/DefaultGLTFAssetsPipeline.uexp" 139
"../../../Engine/Plugins/Interchange/Runtime/Content/Pipelines/DefaultAssetsPipeline.uasset" 140
"../../../Engine/Plugins/Interchange/Runtime/Content/Pipelines/DefaultAssetsPipeline.uexp" 141
"../../../Engine/Plugins/Interchange/Runtime/Content/Functions/MX_UsdPreviewSurface.uasset" 142
"../../../Engine/Plugins/Interchange/Runtime/Content/Functions/MX_UsdPreviewSurface.uexp" 143
"../../../Engine/Plugins/Interchange/Runtime/Content/Functions/MX_UniformEDF.uasset" 144
"../../../Engine/Plugins/Interchange/Runtime/Content/Functions/MX_UniformEDF.uexp" 145
"../../../Engine/Plugins/Interchange/Runtime/Content/Functions/MX_TranslucentBSDF.uasset" 146
"../../../Engine/Plugins/Interchange/Runtime/Content/Functions/MX_TranslucentBSDF.uexp" 147
"../../../Engine/Plugins/Interchange/Runtime/Content/Functions/MX_ThinFilmBSDF.uasset" 148
"../../../Engine/Plugins/Interchange/Runtime/Content/Functions/MX_ThinFilmBSDF.uexp" 149
"../../../Engine/Plugins/Interchange/Runtime/Content/Functions/MX_SurfaceUnlit.uasset" 150
"../../../Engine/Plugins/Interchange/Runtime/Content/Functions/MX_SurfaceUnlit.uexp" 151
"../../../Engine/Plugins/Interchange/Runtime/Content/Functions/MX_Surface.uasset" 152
"../../../Engine/Plugins/Interchange/Runtime/Content/Functions/MX_Surface.uexp" 153
"../../../Engine/Plugins/Interchange/Runtime/Content/Functions/MX_SubsurfaceBSDF.uasset" 154
"../../../Engine/Plugins/Interchange/Runtime/Content/Functions/MX_SubsurfaceBSDF.uexp" 155
"../../../Engine/Plugins/Interchange/Runtime/Content/Functions/MX_SheenBSDF.uasset" 156
"../../../Engine/Plugins/Interchange/Runtime/Content/Functions/MX_SheenBSDF.uexp" 157
"../../../Engine/Plugins/Interchange/Runtime/Content/Functions/MX_OrenNayarBSDF.uasset" 158
"../../../Engine/Plugins/Interchange/Runtime/Content/Functions/MX_OrenNayarBSDF.uexp" 159
"../../../Engine/Content/Functions/Engine_MaterialFunctions02/Utility/CameraDirectionVector.uasset" 160
"../../../Engine/Content/Functions/Engine_MaterialFunctions02/Utility/CameraDirectionVector.uexp" 161
"../../../Engine/Content/Functions/Engine_MaterialFunctions01/Volumetrics/BeersLaw.uasset" 162
"../../../Engine/Content/Functions/Engine_MaterialFunctions01/Volumetrics/BeersLaw.uexp" 163
"../../../Engine/Content/EngineMaterials/Good64x64TilingNoiseHighFreq.uasset" 164
"../../../Engine/Content/EngineMaterials/Good64x64TilingNoiseHighFreq.uexp" 165
"../../../Engine/Content/Functions/Engine_MaterialFunctions02/Texturing/ScreenAlignedPixelToPixelUVs.uasset" 166
"../../../Engine/Content/Functions/Engine_MaterialFunctions02/Texturing/ScreenAlignedPixelToPixelUVs.uexp" 167
"../../../Engine/Plugins/Interchange/Runtime/Content/gltf/MaterialFunctions/MF_Temporal_Blur.uasset" 168
"../../../Engine/Plugins/Interchange/Runtime/Content/gltf/MaterialFunctions/MF_Temporal_Blur.uexp" 169
"../../../Engine/Plugins/Interchange/Runtime/Content/gltf/MaterialFunctions/MF_Fresnel_DS.uasset" 170
"../../../Engine/Plugins/Interchange/Runtime/Content/gltf/MaterialFunctions/MF_Fresnel_DS.uexp" 171
"../../../Engine/Content/Functions/Engine_MaterialFunctions02/Utility/BreakOutFloat3Components.uasset" 172
"../../../Engine/Content/Functions/Engine_MaterialFunctions02/Utility/BreakOutFloat3Components.uexp" 173
"../../../Engine/Plugins/Interchange/Runtime/Content/Functions/MX_Transmission.uasset" 174
"../../../Engine/Plugins/Interchange/Runtime/Content/Functions/MX_Transmission.uexp" 175
"../../../Engine/Plugins/Interchange/Runtime/Content/Functions/MF_OrenNayerView.uasset" 176
"../../../Engine/Plugins/Interchange/Runtime/Content/Functions/MF_OrenNayerView.uexp" 177
"../../../Engine/Plugins/Interchange/Runtime/Content/Functions/MF_SchlickApprox.uasset" 178
"../../../Engine/Plugins/Interchange/Runtime/Content/Functions/MF_SchlickApprox.uexp" 179
"../../../Engine/Plugins/Interchange/Runtime/Content/Utilities/New_LUT.uasset" 180
"../../../Engine/Plugins/Interchange/Runtime/Content/Utilities/New_LUT.uexp" 181
"../../../Engine/Content/Functions/Engine_MaterialFunctions03/Math/RemapValueRange.uasset" 182
"../../../Engine/Content/Functions/Engine_MaterialFunctions03/Math/RemapValueRange.uexp" 183
"../../../Engine/Plugins/Interchange/Runtime/Content/Functions/MF_Iridescence.uasset" 184
"../../../Engine/Plugins/Interchange/Runtime/Content/Functions/MF_Iridescence.uexp" 185
"../../../Engine/Plugins/Interchange/Runtime/Content/Functions/MX_StandardSurface.uasset" 186
"../../../Engine/Plugins/Interchange/Runtime/Content/Functions/MX_StandardSurface.uexp" 187
"../../../Engine/Plugins/Interchange/Runtime/Content/Functions/MX_TransmissionSurface.uasset" 188
"../../../Engine/Plugins/Interchange/Runtime/Content/Functions/MX_TransmissionSurface.uexp" 189
"../../../Engine/Plugins/Interchange/Runtime/Content/Functions/MX_OpenPBR_Translucent.uasset" 190
"../../../Engine/Plugins/Interchange/Runtime/Content/Functions/MX_OpenPBR_Translucent.uexp" 191
"../../../Engine/Plugins/Interchange/Runtime/Content/Functions/MX_OpenPBR_Opaque.uasset" 192
"../../../Engine/Plugins/Interchange/Runtime/Content/Functions/MX_OpenPBR_Opaque.uexp" 193
"../../../Engine/Plugins/Interchange/Runtime/Content/Functions/MX_MeasuredEDF.uasset" 194
"../../../Engine/Plugins/Interchange/Runtime/Content/Functions/MX_MeasuredEDF.uexp" 195
"../../../Engine/Plugins/Interchange/Runtime/Content/Functions/MX_GeneralizedSchlickBSDF.uasset" 196
"../../../Engine/Plugins/Interchange/Runtime/Content/Functions/MX_GeneralizedSchlickBSDF.uexp" 197
"../../../Engine/Plugins/Interchange/Runtime/Content/Functions/MX_DielectricBSDF.uasset" 198
"../../../Engine/Plugins/Interchange/Runtime/Content/Functions/MX_DielectricBSDF.uexp" 199
"../../../Engine/Plugins/Interchange/Runtime/Content/Functions/MX_ConicalEDF.uasset" 200
"../../../Engine/Plugins/Interchange/Runtime/Content/Functions/MX_ConicalEDF.uexp" 201
"../../../Engine/Plugins/Interchange/Runtime/Content/Functions/MX_ConductorBSDF.uasset" 202
"../../../Engine/Plugins/Interchange/Runtime/Content/Functions/MX_ConductorBSDF.uexp" 203
"../../../Engine/Plugins/Interchange/Runtime/Content/Functions/MX_BurleyDiffuseBSDF.uasset" 204
"../../../Engine/Plugins/Interchange/Runtime/Content/Functions/MX_BurleyDiffuseBSDF.uexp" 205
"../../../Engine/Plugins/Interchange/Runtime/Content/Functions/MX_AnisotropicVDF.uasset" 206
"../../../Engine/Plugins/Interchange/Runtime/Content/Functions/MX_AnisotropicVDF.uexp" 207
"../../../Engine/Plugins/Interchange/Runtime/Content/Functions/MX_AbsorptionVDF.uasset" 208
"../../../Engine/Plugins/Interchange/Runtime/Content/Functions/MX_AbsorptionVDF.uexp" 209
"../../../Engine/Plugins/Editor/SpeedTreeImporter/Content/SpeedTree9/game_wind_noise.ubulk" 210
"../../../Engine/Plugins/Editor/SpeedTreeImporter/Content/SpeedTree9/game_wind_noise.uasset" 211
"../../../Engine/Plugins/Editor/SpeedTreeImporter/Content/SpeedTree9/game_wind_noise.uexp" 212
"../../../Engine/Plugins/Editor/SpeedTreeImporter/Content/SpeedTree9/UnpackDirection.uasset" 213
"../../../Engine/Plugins/Editor/SpeedTreeImporter/Content/SpeedTree9/UnpackDirection.uexp" 214
"../../../Engine/Content/Functions/Engine_MaterialFunctions02/ObjectLocalBounds.uasset" 215
"../../../Engine/Content/Functions/Engine_MaterialFunctions02/ObjectLocalBounds.uexp" 216
"../../../Engine/Content/Functions/Engine_MaterialFunctions02/UVs/BoundingBoxBased_0-1_UVW.uasset" 217
"../../../Engine/Content/Functions/Engine_MaterialFunctions02/UVs/BoundingBoxBased_0-1_UVW.uexp" 218
"../../../Engine/Content/Functions/Engine_MaterialFunctions02/Utility/VectorLength.uasset" 219
"../../../Engine/Content/Functions/Engine_MaterialFunctions02/Utility/VectorLength.uexp" 220
"../../../Engine/Plugins/Editor/SpeedTreeImporter/Content/SpeedTree9/UnpackInteger3.uasset" 221
"../../../Engine/Plugins/Editor/SpeedTreeImporter/Content/SpeedTree9/UnpackInteger3.uexp" 222
"../../../Engine/Plugins/Editor/SpeedTreeImporter/Content/SpeedTree9/SpeedTreeCameraFacing.uasset" 223
"../../../Engine/Plugins/Editor/SpeedTreeImporter/Content/SpeedTree9/SpeedTreeCameraFacing.uexp" 224
"../../../Engine/Content/Functions/Engine_MaterialFunctions02/WorldPositionOffset/ObjectScale.uasset" 225
"../../../Engine/Content/Functions/Engine_MaterialFunctions02/WorldPositionOffset/ObjectScale.uexp" 226
"../../../Engine/Content/Functions/Engine_MaterialFunctions02/SafeNormalize.uasset" 227
"../../../Engine/Content/Functions/Engine_MaterialFunctions02/SafeNormalize.uexp" 228
"../../../Engine/Plugins/Editor/SpeedTreeImporter/Content/SpeedTree9/SpeedTreeWindMotion.uasset" 229
"../../../Engine/Plugins/Editor/SpeedTreeImporter/Content/SpeedTree9/SpeedTreeWindMotion.uexp" 230
"../../../Engine/Plugins/Editor/SpeedTreeImporter/Content/SpeedTree9/SpeedTreeBranchMotion.uasset" 231
"../../../Engine/Plugins/Editor/SpeedTreeImporter/Content/SpeedTree9/SpeedTreeBranchMotion.uexp" 232
"../../../Engine/Plugins/Editor/SpeedTreeImporter/Content/SpeedTree9/SpeedTreeWind.uasset" 233
"../../../Engine/Plugins/Editor/SpeedTreeImporter/Content/SpeedTree9/SpeedTreeWind.uexp" 234
"../../../Engine/Plugins/Editor/SpeedTreeImporter/Content/SpeedTree9/EmptyNormal.uasset" 235
"../../../Engine/Plugins/Editor/SpeedTreeImporter/Content/SpeedTree9/EmptyNormal.uexp" 236
"../../../Engine/Plugins/Editor/SpeedTreeImporter/Content/SpeedTree9/Empty.uasset" 237
"../../../Engine/Plugins/Editor/SpeedTreeImporter/Content/SpeedTree9/Empty.uexp" 238
"../../../Engine/Plugins/Editor/SpeedTreeImporter/Content/SpeedTree9/SpeedTreeMaster.uasset" 239
"../../../Engine/Plugins/Editor/SpeedTreeImporter/Content/SpeedTree9/SpeedTreeMaster.uexp" 240
"../../../Engine/Plugins/Editor/SpeedTreeImporter/Content/SpeedTree9/SpeedTreeBillboard.uasset" 241
"../../../Engine/Plugins/Editor/SpeedTreeImporter/Content/SpeedTree9/SpeedTreeBillboard.uexp" 242
"../../../Engine/Plugins/Editor/SpeedTreeImporter/Content/SpeedTree9/SpeedTreeBillboardMaster.uasset" 243
"../../../Engine/Plugins/Editor/SpeedTreeImporter/Content/SpeedTree9/SpeedTreeBillboardMaster.uexp" 244
"../../../Engine/Content/Functions/Engine_MaterialFunctions02/WorldPositionOffset/CameraOffset.uasset" 245
"../../../Engine/Content/Functions/Engine_MaterialFunctions02/WorldPositionOffset/CameraOffset.uexp" 246
"../../../Engine/Plugins/Animation/ControlRig/Content/M_Manip.uasset" 247
"../../../Engine/Plugins/Animation/ControlRig/Content/M_Manip.uexp" 248
"../../../Engine/Plugins/Animation/ControlRig/Content/Controls/DefaultGizmoLibraryNormalized.uasset" 249
"../../../Engine/Plugins/Animation/ControlRig/Content/Controls/DefaultGizmoLibraryNormalized.uexp" 250
"../../../Engine/Plugins/Animation/ControlRig/Content/Controls/ControlRig_Wedge_solid.ubulk" 251
"../../../Engine/Plugins/Animation/ControlRig/Content/Controls/ControlRig_Wedge_solid.uasset" 252
"../../../Engine/Plugins/Animation/ControlRig/Content/Controls/ControlRig_Wedge_solid.uexp" 253
"../../../Engine/Plugins/Animation/ControlRig/Content/Controls/ControlRig_Wedge_3mm.ubulk" 254
"../../../Engine/Plugins/Animation/ControlRig/Content/Controls/ControlRig_Wedge_3mm.uasset" 255
"../../../Engine/Plugins/Animation/ControlRig/Content/Controls/ControlRig_Wedge_3mm.uexp" 256
"../../../Engine/Plugins/Animation/ControlRig/Content/Controls/ControlRig_Wedge_1mm.ubulk" 257
"../../../Engine/Plugins/Animation/ControlRig/Content/Controls/ControlRig_Wedge_1mm.uasset" 258
"../../../Engine/Plugins/Animation/ControlRig/Content/Controls/ControlRig_Wedge_1mm.uexp" 259
"../../../Engine/Plugins/Animation/ControlRig/Content/Controls/ControlRig_Triangle_solid.ubulk" 260
"../../../Engine/Plugins/Animation/ControlRig/Content/Controls/ControlRig_Triangle_solid.uasset" 261
"../../../Engine/Plugins/Animation/ControlRig/Content/Controls/ControlRig_Triangle_solid.uexp" 262
"../../../Engine/Plugins/Animation/ControlRig/Content/Controls/ControlRig_Triangle_3mm.ubulk" 263
"../../../Engine/Plugins/Animation/ControlRig/Content/Controls/ControlRig_Triangle_3mm.uasset" 264
"../../../Engine/Plugins/Animation/ControlRig/Content/Controls/ControlRig_Triangle_3mm.uexp" 265
"../../../Engine/Plugins/Animation/ControlRig/Content/Controls/ControlRig_Triangle_1mm.ubulk" 266
"../../../Engine/Plugins/Animation/ControlRig/Content/Controls/ControlRig_Triangle_1mm.uasset" 267
"../../../Engine/Plugins/Animation/ControlRig/Content/Controls/ControlRig_Triangle_1mm.uexp" 268
"../../../Engine/Plugins/Animation/ControlRig/Content/Controls/ControlRig_Star4_solid.ubulk" 269
"../../../Engine/Plugins/Animation/ControlRig/Content/Controls/ControlRig_Star4_solid.uasset" 270
"../../../Engine/Plugins/Animation/ControlRig/Content/Controls/ControlRig_Star4_solid.uexp" 271
"../../../Engine/Plugins/Animation/ControlRig/Content/Controls/ControlRig_Star4_3mm.ubulk" 272
"../../../Engine/Plugins/Animation/ControlRig/Content/Controls/ControlRig_Star4_3mm.uasset" 273
"../../../Engine/Plugins/Animation/ControlRig/Content/Controls/ControlRig_Star4_3mm.uexp" 274
"../../../Engine/Plugins/Animation/ControlRig/Content/Controls/ControlRig_Star4_1mm.ubulk" 275
"../../../Engine/Plugins/Animation/ControlRig/Content/Controls/ControlRig_Star4_1mm.uasset" 276
"../../../Engine/Plugins/Animation/ControlRig/Content/Controls/ControlRig_Star4_1mm.uexp" 277
"../../../Engine/Plugins/Animation/ControlRig/Content/Controls/ControlRig_Square_solid.ubulk" 278
"../../../Engine/Plugins/Animation/ControlRig/Content/Controls/ControlRig_Square_solid.uasset" 279
"../../../Engine/Plugins/Animation/ControlRig/Content/Controls/ControlRig_Square_solid.uexp" 280
"../../../Engine/Plugins/Animation/ControlRig/Content/Controls/ControlRig_Square_3mm.ubulk" 281
"../../../Engine/Plugins/Animation/ControlRig/Content/Controls/ControlRig_Square_3mm.uasset" 282
"../../../Engine/Plugins/Animation/ControlRig/Content/Controls/ControlRig_Square_3mm.uexp" 283
"../../../Engine/Plugins/Animation/ControlRig/Content/Controls/ControlRig_Square_1mm.ubulk" 284
"../../../Engine/Plugins/Animation/ControlRig/Content/Controls/ControlRig_Square_1mm.uasset" 285
"../../../Engine/Plugins/Animation/ControlRig/Content/Controls/ControlRig_Square_1mm.uexp" 286
"../../../Engine/Plugins/Animation/ControlRig/Content/Controls/ControlRig_Sphere_solid.ubulk" 287
"../../../Engine/Plugins/Animation/ControlRig/Content/Controls/ControlRig_Sphere_solid.uasset" 288
"../../../Engine/Plugins/Animation/ControlRig/Content/Controls/ControlRig_Sphere_solid.uexp" 289
"../../../Engine/Plugins/Animation/ControlRig/Content/Controls/ControlRig_Sphere_3mm.ubulk" 290
"../../../Engine/Plugins/Animation/ControlRig/Content/Controls/ControlRig_Sphere_3mm.uasset" 291
"../../../Engine/Plugins/Animation/ControlRig/Content/Controls/ControlRig_Sphere_3mm.uexp" 292
"../../../Engine/Plugins/Animation/ControlRig/Content/Controls/ControlRig_Sphere_1mm.ubulk" 293
"../../../Engine/Plugins/Animation/ControlRig/Content/Controls/ControlRig_Sphere_1mm.uasset" 294
"../../../Engine/Plugins/Animation/ControlRig/Content/Controls/ControlRig_Sphere_1mm.uexp" 295
"../../../Engine/Plugins/Animation/ControlRig/Content/Controls/ControlRig_RoundedTriangle_solid.ubulk" 296
"../../../Engine/Plugins/Animation/ControlRig/Content/Controls/ControlRig_RoundedTriangle_solid.uasset" 297
"../../../Engine/Plugins/Animation/ControlRig/Content/Controls/ControlRig_RoundedTriangle_solid.uexp" 298
"../../../Engine/Plugins/Animation/ControlRig/Content/Controls/ControlRig_RoundedTriangle_3mm.ubulk" 299
"../../../Engine/Plugins/Animation/ControlRig/Content/Controls/ControlRig_RoundedTriangle_3mm.uasset" 300
"../../../Engine/Plugins/Animation/ControlRig/Content/Controls/ControlRig_RoundedTriangle_3mm.uexp" 301
"../../../Engine/Plugins/Animation/ControlRig/Content/Controls/ControlRig_RoundedTriangle_1mm.ubulk" 302
"../../../Engine/Plugins/Animation/ControlRig/Content/Controls/ControlRig_RoundedTriangle_1mm.uasset" 303
"../../../Engine/Plugins/Animation/ControlRig/Content/Controls/ControlRig_RoundedTriangle_1mm.uexp" 304
"../../../Engine/Plugins/Animation/ControlRig/Content/Controls/ControlRig_RoundedSquare_solid.ubulk" 305
"../../../Engine/Plugins/Animation/ControlRig/Content/Controls/ControlRig_RoundedSquare_solid.uasset" 306
"../../../Engine/Plugins/Animation/ControlRig/Content/Controls/ControlRig_RoundedSquare_solid.uexp" 307
"../../../Engine/Plugins/Animation/ControlRig/Content/Controls/ControlRig_RoundedSquare_3mm.ubulk" 308
"../../../Engine/Plugins/Animation/ControlRig/Content/Controls/ControlRig_RoundedSquare_3mm.uasset" 309
"../../../Engine/Plugins/Animation/ControlRig/Content/Controls/ControlRig_RoundedSquare_3mm.uexp" 310
"../../../Engine/Plugins/Animation/ControlRig/Content/Controls/ControlRig_RoundedSquare_1mm.ubulk" 311
"../../../Engine/Plugins/Animation/ControlRig/Content/Controls/ControlRig_RoundedSquare_1mm.uasset" 312
"../../../Engine/Plugins/Animation/ControlRig/Content/Controls/ControlRig_RoundedSquare_1mm.uexp" 313
"../../../Engine/Plugins/Animation/ControlRig/Content/Controls/ControlRig_QuarterCircle_solid.ubulk" 314
"../../../Engine/Plugins/Animation/ControlRig/Content/Controls/ControlRig_QuarterCircle_solid.uasset" 315
"../../../Engine/Plugins/Animation/ControlRig/Content/Controls/ControlRig_QuarterCircle_solid.uexp" 316
"../../../Engine/Plugins/Animation/ControlRig/Content/Controls/ControlRig_QuarterCircle_3mm.ubulk" 317
"../../../Engine/Plugins/Animation/ControlRig/Content/Controls/ControlRig_QuarterCircle_3mm.uasset" 318
"../../../Engine/Plugins/Animation/ControlRig/Content/Controls/ControlRig_QuarterCircle_3mm.uexp" 319
"../../../Engine/Plugins/Animation/ControlRig/Content/Controls/ControlRig_QuarterCircle_1mm.ubulk" 320
"../../../Engine/Plugins/Animation/ControlRig/Content/Controls/ControlRig_QuarterCircle_1mm.uasset" 321
"../../../Engine/Plugins/Animation/ControlRig/Content/Controls/ControlRig_QuarterCircle_1mm.uexp" 322
"../../../Engine/Plugins/Animation/ControlRig/Content/Controls/ControlRig_Pyramid_solid.ubulk" 323
"../../../Engine/Plugins/Animation/ControlRig/Content/Controls/ControlRig_Pyramid_solid.uasset" 324
"../../../Engine/Plugins/Animation/ControlRig/Content/Controls/ControlRig_Pyramid_solid.uexp" 325
"../../../Engine/Plugins/Animation/ControlRig/Content/Controls/ControlRig_Pyramid_3mm.ubulk" 326
"../../../Engine/Plugins/Animation/ControlRig/Content/Controls/ControlRig_Pyramid_3mm.uasset" 327
"../../../Engine/Plugins/Animation/ControlRig/Content/Controls/ControlRig_Pyramid_3mm.uexp" 328
"../../../Engine/Plugins/Animation/ControlRig/Content/Controls/ControlRig_Pyramid_1mm.ubulk" 329
"../../../Engine/Plugins/Animation/ControlRig/Content/Controls/ControlRig_Pyramid_1mm.uasset" 330
"../../../Engine/Plugins/Animation/ControlRig/Content/Controls/ControlRig_Pyramid_1mm.uexp" 331
"../../../Engine/Plugins/Animation/ControlRig/Content/Controls/ControlRig_Octagon_solid.ubulk" 332
"../../../Engine/Plugins/Animation/ControlRig/Content/Controls/ControlRig_Octagon_solid.uasset" 333
"../../../Engine/Plugins/Animation/ControlRig/Content/Controls/ControlRig_Octagon_solid.uexp" 334
"../../../Engine/Plugins/Animation/ControlRig/Content/Controls/ControlRig_Octagon_3mm.ubulk" 335
"../../../Engine/Plugins/Animation/ControlRig/Content/Controls/ControlRig_Octagon_3mm.uasset" 336
"../../../Engine/Plugins/Animation/ControlRig/Content/Controls/ControlRig_Octagon_3mm.uexp" 337
"../../../Engine/Plugins/Animation/ControlRig/Content/Controls/ControlRig_Octagon_1mm.ubulk" 338
"../../../Engine/Plugins/Animation/ControlRig/Content/Controls/ControlRig_Octagon_1mm.uasset" 339
"../../../Engine/Plugins/Animation/ControlRig/Content/Controls/ControlRig_Octagon_1mm.uexp" 340
"../../../Engine/Plugins/Animation/ControlRig/Content/Controls/ControlRig_Hexagon_solid.ubulk" 341
"../../../Engine/Plugins/Animation/ControlRig/Content/Controls/ControlRig_Hexagon_solid.uasset" 342
"../../../Engine/Plugins/Animation/ControlRig/Content/Controls/ControlRig_Hexagon_solid.uexp" 343
"../../../Engine/Plugins/Animation/ControlRig/Content/Controls/ControlRig_Hexagon_3mm.ubulk" 344
"../../../Engine/Plugins/Animation/ControlRig/Content/Controls/ControlRig_Hexagon_3mm.uasset" 345
"../../../Engine/Plugins/Animation/ControlRig/Content/Controls/ControlRig_Hexagon_3mm.uexp" 346
"../../../Engine/Plugins/Animation/ControlRig/Content/Controls/ControlRig_Hexagon_1mm.ubulk" 347
"../../../Engine/Plugins/Animation/ControlRig/Content/Controls/ControlRig_Hexagon_1mm.uasset" 348
"../../../Engine/Plugins/Animation/ControlRig/Content/Controls/ControlRig_Hexagon_1mm.uexp" 349
"../../../Engine/Plugins/Animation/ControlRig/Content/Controls/ControlRig_HalfCircle_solid.ubulk" 350
"../../../Engine/Plugins/Animation/ControlRig/Content/Controls/ControlRig_HalfCircle_solid.uasset" 351
"../../../Engine/Plugins/Animation/ControlRig/Content/Controls/ControlRig_HalfCircle_solid.uexp" 352
"../../../Engine/Plugins/Animation/ControlRig/Content/Controls/ControlRig_HalfCircle_3mm.ubulk" 353
"../../../Engine/Plugins/Animation/ControlRig/Content/Controls/ControlRig_HalfCircle_3mm.uasset" 354
"../../../Engine/Plugins/Animation/ControlRig/Content/Controls/ControlRig_HalfCircle_3mm.uexp" 355
"../../../Engine/Plugins/Animation/ControlRig/Content/Controls/ControlRig_HalfCircle_1mm.ubulk" 356
"../../../Engine/Plugins/Animation/ControlRig/Content/Controls/ControlRig_HalfCircle_1mm.uasset" 357
"../../../Engine/Plugins/Animation/ControlRig/Content/Controls/ControlRig_HalfCircle_1mm.uexp" 358
"../../../Engine/Plugins/Animation/ControlRig/Content/Controls/ControlRig_Diamond_solid.ubulk" 359
"../../../Engine/Plugins/Animation/ControlRig/Content/Controls/ControlRig_Diamond_solid.uasset" 360
"../../../Engine/Plugins/Animation/ControlRig/Content/Controls/ControlRig_Diamond_solid.uexp" 361
"../../../Engine/Plugins/Animation/ControlRig/Content/Controls/ControlRig_Diamond_3mm.ubulk" 362
"../../../Engine/Plugins/Animation/ControlRig/Content/Controls/ControlRig_Diamond_3mm.uasset" 363
"../../../Engine/Plugins/Animation/ControlRig/Content/Controls/ControlRig_Diamond_3mm.uexp" 364
"../../../Engine/Plugins/Animation/ControlRig/Content/Controls/ControlRig_Diamond_1mm.ubulk" 365
"../../../Engine/Plugins/Animation/ControlRig/Content/Controls/ControlRig_Diamond_1mm.uasset" 366
"../../../Engine/Plugins/Animation/ControlRig/Content/Controls/ControlRig_Diamond_1mm.uexp" 367
"../../../Engine/Plugins/Animation/ControlRig/Content/Controls/ControlRig_Circle_solid.ubulk" 368
"../../../Engine/Plugins/Animation/ControlRig/Content/Controls/ControlRig_Circle_solid.uasset" 369
"../../../Engine/Plugins/Animation/ControlRig/Content/Controls/ControlRig_Circle_solid.uexp" 370
"../../../Engine/Plugins/Animation/ControlRig/Content/Controls/ControlRig_Circle_3mm.ubulk" 371
"../../../Engine/Plugins/Animation/ControlRig/Content/Controls/ControlRig_Circle_3mm.uasset" 372
"../../../Engine/Plugins/Animation/ControlRig/Content/Controls/ControlRig_Circle_3mm.uexp" 373
"../../../Engine/Plugins/Animation/ControlRig/Content/Controls/ControlRig_Circle_1mm.ubulk" 374
"../../../Engine/Plugins/Animation/ControlRig/Content/Controls/ControlRig_Circle_1mm.uasset" 375
"../../../Engine/Plugins/Animation/ControlRig/Content/Controls/ControlRig_Circle_1mm.uexp" 376
"../../../Engine/Plugins/Animation/ControlRig/Content/Controls/ControlRig_Box_solid.ubulk" 377
"../../../Engine/Plugins/Animation/ControlRig/Content/Controls/ControlRig_Box_solid.uasset" 378
"../../../Engine/Plugins/Animation/ControlRig/Content/Controls/ControlRig_Box_solid.uexp" 379
"../../../Engine/Plugins/Animation/ControlRig/Content/Controls/ControlRig_Box_3mm.ubulk" 380
"../../../Engine/Plugins/Animation/ControlRig/Content/Controls/ControlRig_Box_3mm.uasset" 381
"../../../Engine/Plugins/Animation/ControlRig/Content/Controls/ControlRig_Box_3mm.uexp" 382
"../../../Engine/Plugins/Animation/ControlRig/Content/Controls/ControlRig_Box_1mm.ubulk" 383
"../../../Engine/Plugins/Animation/ControlRig/Content/Controls/ControlRig_Box_1mm.uasset" 384
"../../../Engine/Plugins/Animation/ControlRig/Content/Controls/ControlRig_Box_1mm.uexp" 385
"../../../Engine/Plugins/Animation/ControlRig/Content/Controls/ControlRig_Arrow_solid.ubulk" 386
"../../../Engine/Plugins/Animation/ControlRig/Content/Controls/ControlRig_Arrow_solid.uasset" 387
"../../../Engine/Plugins/Animation/ControlRig/Content/Controls/ControlRig_Arrow_solid.uexp" 388
"../../../Engine/Plugins/Animation/ControlRig/Content/Controls/ControlRig_Arrow_3mm.ubulk" 389
"../../../Engine/Plugins/Animation/ControlRig/Content/Controls/ControlRig_Arrow_3mm.uasset" 390
"../../../Engine/Plugins/Animation/ControlRig/Content/Controls/ControlRig_Arrow_3mm.uexp" 391
"../../../Engine/Plugins/Animation/ControlRig/Content/Controls/ControlRig_Arrow_1mm.ubulk" 392
"../../../Engine/Plugins/Animation/ControlRig/Content/Controls/ControlRig_Arrow_1mm.uasset" 393
"../../../Engine/Plugins/Animation/ControlRig/Content/Controls/ControlRig_Arrow_1mm.uexp" 394
"../../../Engine/Plugins/Animation/ControlRig/Content/Controls/ControlRig_Arrow4_solid.ubulk" 395
"../../../Engine/Plugins/Animation/ControlRig/Content/Controls/ControlRig_Arrow4_solid.uasset" 396
"../../../Engine/Plugins/Animation/ControlRig/Content/Controls/ControlRig_Arrow4_solid.uexp" 397
"../../../Engine/Plugins/Animation/ControlRig/Content/Controls/ControlRig_Arrow4_3mm.ubulk" 398
"../../../Engine/Plugins/Animation/ControlRig/Content/Controls/ControlRig_Arrow4_3mm.uasset" 399
"../../../Engine/Plugins/Animation/ControlRig/Content/Controls/ControlRig_Arrow4_3mm.uexp" 400
"../../../Engine/Plugins/Animation/ControlRig/Content/Controls/ControlRig_Arrow4_1mm.ubulk" 401
"../../../Engine/Plugins/Animation/ControlRig/Content/Controls/ControlRig_Arrow4_1mm.uasset" 402
"../../../Engine/Plugins/Animation/ControlRig/Content/Controls/ControlRig_Arrow4_1mm.uexp" 403
"../../../Engine/Plugins/Animation/ControlRig/Content/Controls/ControlRig_Arrow2_solid.ubulk" 404
"../../../Engine/Plugins/Animation/ControlRig/Content/Controls/ControlRig_Arrow2_solid.uasset" 405
"../../../Engine/Plugins/Animation/ControlRig/Content/Controls/ControlRig_Arrow2_solid.uexp" 406
"../../../Engine/Plugins/Animation/ControlRig/Content/Controls/ControlRig_Arrow2_3mm.ubulk" 407
"../../../Engine/Plugins/Animation/ControlRig/Content/Controls/ControlRig_Arrow2_3mm.uasset" 408
"../../../Engine/Plugins/Animation/ControlRig/Content/Controls/ControlRig_Arrow2_3mm.uexp" 409
"../../../Engine/Plugins/Animation/ControlRig/Content/Controls/ControlRig_Arrow2_1mm.ubulk" 410
"../../../Engine/Plugins/Animation/ControlRig/Content/Controls/ControlRig_Arrow2_1mm.uasset" 411
"../../../Engine/Plugins/Animation/ControlRig/Content/Controls/ControlRig_Arrow2_1mm.uexp" 412
"../../../Engine/Plugins/Animation/ControlRig/Content/Controls/ControlRigXRayMaterial.uasset" 413
"../../../Engine/Plugins/Animation/ControlRig/Content/Controls/ControlRigXRayMaterial.uexp" 414
"../../../Engine/Plugins/Animation/ControlRig/Content/Controls/ControlRigGizmoMaterial.uasset" 415
"../../../Engine/Plugins/Animation/ControlRig/Content/Controls/ControlRigGizmoMaterial.uexp" 416
"../../../Engine/Plugins/Animation/ACLPlugin/Content/ACLAnimCurveCompressionSettings.uasset" 417
"../../../Engine/Plugins/Animation/ACLPlugin/Content/ACLAnimCurveCompressionSettings.uexp" 418
"../../../Engine/Plugins/Animation/ACLPlugin/Content/ACLAnimBoneCompressionSettings.uasset" 419
"../../../Engine/Plugins/Animation/ACLPlugin/Content/ACLAnimBoneCompressionSettings.uexp" 420
"../../../Engine/Plugins/2D/Paper2D/Content/PlaceholderTextures/DummySpriteTexture.ubulk" 421
"../../../Engine/Plugins/2D/Paper2D/Content/PlaceholderTextures/DummySpriteTexture.uasset" 422
"../../../Engine/Plugins/2D/Paper2D/Content/PlaceholderTextures/DummySpriteTexture.uexp" 423
"../../../Engine/Plugins/2D/Paper2D/Content/DefaultSpriteMaterial.uasset" 424
"../../../Engine/Plugins/2D/Paper2D/Content/DefaultSpriteMaterial.uexp" 425
"../../../Engine/Plugins/2D/Paper2D/Content/OpaqueUnlitSpriteMaterial.uasset" 426
"../../../Engine/Plugins/2D/Paper2D/Content/OpaqueUnlitSpriteMaterial.uexp" 427
"../../../Engine/Plugins/2D/Paper2D/Content/MaskedUnlitSpriteMaterial.uasset" 428
"../../../Engine/Plugins/2D/Paper2D/Content/MaskedUnlitSpriteMaterial.uexp" 429
"../../../Engine/Plugins/2D/Paper2D/Content/DummySprite.uasset" 430
"../../../Engine/Plugins/2D/Paper2D/Content/DummySprite.uexp" 431
"../../../Engine/Plugins/2D/Paper2D/Content/DefaultPaperTerrainMaterial.uasset" 432
"../../../Engine/Plugins/2D/Paper2D/Content/DefaultPaperTerrainMaterial.uexp" 433
"../../../Engine/Content/VREditor/TransformGizmo/StartRotationHandleIndicator.ubulk" 434
"../../../Engine/Content/VREditor/TransformGizmo/StartRotationHandleIndicator.uasset" 435
"../../../Engine/Content/VREditor/TransformGizmo/StartRotationHandleIndicator.uexp" 436
"../../../Engine/Content/VREditor/Sounds/UI/Drop_Item_From_ContentBrowser.ubulk" 437
"../../../Engine/Content/VREditor/Sounds/UI/Drop_Item_From_ContentBrowser.uasset" 438
"../../../Engine/Content/VREditor/Sounds/UI/Drop_Item_From_ContentBrowser.uexp" 439
"../../../Engine/Content/VREditor/TransformGizmo/PlaneTranslationHandle.ubulk" 440
"../../../Engine/Content/VREditor/TransformGizmo/PlaneTranslationHandle.uasset" 441
"../../../Engine/Content/VREditor/TransformGizmo/PlaneTranslationHandle.uexp" 442
"../../../Engine/Content/VREditor/Sounds/UI/Object_Snaps_To_Grid.ubulk" 443
"../../../Engine/Content/VREditor/Sounds/UI/Object_Snaps_To_Grid.uasset" 444
"../../../Engine/Content/VREditor/Sounds/UI/Object_Snaps_To_Grid.uexp" 445
"../../../Engine/Content/VREditor/Sounds/UI/Selection_Changes.ubulk" 446
"../../../Engine/Content/VREditor/Sounds/UI/Selection_Changes.uasset" 447
"../../../Engine/Content/VREditor/Sounds/UI/Selection_Changes.uexp" 448
"../../../Engine/Content/VREditor/Sounds/UI/Object_Snaps_To_Another_Actor.ubulk" 449
"../../../Engine/Content/VREditor/Sounds/UI/Object_Snaps_To_Another_Actor.uasset" 450
"../../../Engine/Content/VREditor/Sounds/UI/Object_Snaps_To_Another_Actor.uexp" 451
"../../../Engine/Content/VREditor/TransformGizmo/TranslucentTransformGizmoMaterial_Inst.uasset" 452
"../../../Engine/Content/VREditor/TransformGizmo/TranslucentTransformGizmoMaterial_Inst.uexp" 453
"../../../Engine/Content/VREditor/TransformGizmo/TransformGizmoFreeRotation.ubulk" 454
"../../../Engine/Content/VREditor/TransformGizmo/TransformGizmoFreeRotation.uasset" 455
"../../../Engine/Content/VREditor/TransformGizmo/TransformGizmoFreeRotation.uexp" 456
"../../../Engine/Content/VREditor/Sounds/UI/Scaling_Down.ubulk" 457
"../../../Engine/Content/VREditor/Sounds/UI/Scaling_Down.uasset" 458
"../../../Engine/Content/VREditor/Sounds/UI/Scaling_Down.uexp" 459
"../../../Engine/Content/Functions/Engine_MaterialFunctions02/Math/Transform3x3Matrix.uasset" 460
"../../../Engine/Content/Functions/Engine_MaterialFunctions02/Math/Transform3x3Matrix.uexp" 461
"../../../Engine/Content/Functions/Engine_MaterialFunctions02/SplitComponents.uasset" 462
"../../../Engine/Content/Functions/Engine_MaterialFunctions02/SplitComponents.uexp" 463
"../../../Engine/Content/Functions/Engine_MaterialFunctions02/Utility/MakeFloat3.uasset" 464
"../../../Engine/Content/Functions/Engine_MaterialFunctions02/Utility/MakeFloat3.uexp" 465
"../../../Engine/Content/VREditor/SnapGrid/SnapGridMaterial.uasset" 466
"../../../Engine/Content/VREditor/SnapGrid/SnapGridMaterial.uexp" 467
"../../../Engine/Content/VREditor/SnapGrid/SnapGridPlaneMesh.ubulk" 468
"../../../Engine/Content/VREditor/SnapGrid/SnapGridPlaneMesh.uasset" 469
"../../../Engine/Content/VREditor/SnapGrid/SnapGridPlaneMesh.uexp" 470
"../../../Engine/Content/VREditor/Sounds/UI/Scaling_Up.ubulk" 471
"../../../Engine/Content/VREditor/Sounds/UI/Scaling_Up.uasset" 472
"../../../Engine/Content/VREditor/Sounds/UI/Scaling_Up.uexp" 473
"../../../Engine/Content/VREditor/TransformGizmo/TransformGizmoMaterial_Inst.uasset" 474
"../../../Engine/Content/VREditor/TransformGizmo/TransformGizmoMaterial_Inst.uexp" 475
"../../../Engine/Content/VREditor/Sounds/UI/Gizmo_Handle_Clicked.ubulk" 476
"../../../Engine/Content/VREditor/Sounds/UI/Gizmo_Handle_Clicked.uasset" 477
"../../../Engine/Content/VREditor/Sounds/UI/Gizmo_Handle_Clicked.uexp" 478
"../../../Engine/Content/VREditor/TransformGizmo/RotationHandleQuarter.ubulk" 479
"../../../Engine/Content/VREditor/TransformGizmo/RotationHandleQuarter.uasset" 480
"../../../Engine/Content/VREditor/TransformGizmo/RotationHandleQuarter.uexp" 481
"../../../Engine/Content/VREditor/TransformGizmo/TranslateArrowHandle.ubulk" 482
"../../../Engine/Content/VREditor/TransformGizmo/TranslateArrowHandle.uasset" 483
"../../../Engine/Content/VREditor/TransformGizmo/TranslateArrowHandle.uexp" 484
"../../../Engine/Content/VREditor/TransformGizmo/RotationHandleIndicator.ubulk" 485
"../../../Engine/Content/VREditor/TransformGizmo/RotationHandleIndicator.uasset" 486
"../../../Engine/Content/VREditor/TransformGizmo/RotationHandleIndicator.uexp" 487
"../../../Engine/Content/VREditor/TransformGizmo/UniformScaleHandle.ubulk" 488
"../../../Engine/Content/VREditor/TransformGizmo/UniformScaleHandle.uasset" 489
"../../../Engine/Content/VREditor/TransformGizmo/UniformScaleHandle.uexp" 490
"../../../Engine/Content/VREditor/TransformGizmo/RotationHandleFull.ubulk" 491
"../../../Engine/Content/VREditor/TransformGizmo/RotationHandleFull.uasset" 492
"../../../Engine/Content/VREditor/TransformGizmo/RotationHandleFull.uexp" 493
"../../../Engine/Content/VREditor/Sounds/UI/Object_PickUp.ubulk" 494
"../../../Engine/Content/VREditor/Sounds/UI/Object_PickUp.uasset" 495
"../../../Engine/Content/VREditor/Sounds/UI/Object_PickUp.uexp" 496
"../../../Engine/Content/EngineSounds/Master.uasset" 497
"../../../Engine/Content/EngineSounds/Master.uexp" 498
"../../../Engine/Content/EngineResources/WhiteSquareTexture.uasset" 499
"../../../Engine/Content/EngineResources/WhiteSquareTexture.uexp" 500
"../../../Engine/Content/EngineMaterials/Widget3DPassThrough.uasset" 501
"../../../Engine/Content/EngineMaterials/Widget3DPassThrough.uexp" 502
"../../../Engine/Content/EngineMaterials/Widget3DPassThrough_Translucent.uasset" 503
"../../../Engine/Content/EngineMaterials/Widget3DPassThrough_Translucent.uexp" 504
"../../../Engine/Content/EngineMaterials/Widget3DPassThrough_Translucent_OneSided.uasset" 505
"../../../Engine/Content/EngineMaterials/Widget3DPassThrough_Translucent_OneSided.uexp" 506
"../../../Engine/Content/EngineMaterials/Widget3DPassThrough_Opaque.uasset" 507
"../../../Engine/Content/EngineMaterials/Widget3DPassThrough_Opaque.uexp" 508
"../../../Engine/Content/EngineMaterials/Widget3DPassThrough_Opaque_OneSided.uasset" 509
"../../../Engine/Content/EngineMaterials/Widget3DPassThrough_Opaque_OneSided.uexp" 510
"../../../Engine/Content/EngineMaterials/Widget3DPassThrough_Masked_OneSided.uasset" 511
"../../../Engine/Content/EngineMaterials/Widget3DPassThrough_Masked_OneSided.uexp" 512
"../../../Engine/Content/EngineMaterials/Widget3DPassThrough_Masked.uasset" 513
"../../../Engine/Content/EngineMaterials/Widget3DPassThrough_Masked.uexp" 514
"../../../Engine/Content/EngineMaterials/STBlueNoise_vec2_128x128x64.uasset" 515
"../../../Engine/Content/EngineMaterials/STBlueNoise_vec2_128x128x64.uexp" 516
"../../../Engine/Content/EngineMaterials/STBlueNoise_scalar_128x128x64.uasset" 517
"../../../Engine/Content/EngineMaterials/STBlueNoise_scalar_128x128x64.uexp" 518
"../../../Engine/Content/EngineMaterials/RemoveSurfaceMaterial.uasset" 519
"../../../Engine/Content/EngineMaterials/RemoveSurfaceMaterial.uexp" 520
"../../../Engine/Content/EngineMaterials/DefaultCalibrationGrayscale.uasset" 521
"../../../Engine/Content/EngineMaterials/DefaultCalibrationGrayscale.uexp" 522
"../../../Engine/Content/EngineMaterials/PPM_DefaultCalibrationGrayscale.uasset" 523
"../../../Engine/Content/EngineMaterials/PPM_DefaultCalibrationGrayscale.uexp" 524
"../../../Engine/Content/EngineMaterials/DefaultCalibrationColor.uasset" 525
"../../../Engine/Content/EngineMaterials/DefaultCalibrationColor.uexp" 526
"../../../Engine/Content/EngineMaterials/PPM_DefaultCalibrationColor.uasset" 527
"../../../Engine/Content/EngineMaterials/PPM_DefaultCalibrationColor.uexp" 528
"../../../Engine/Content/EngineMaterials/PhAT_JointLimitMaterial.uasset" 529
"../../../Engine/Content/EngineMaterials/PhAT_JointLimitMaterial.uexp" 530
"../../../Engine/Content/EngineMaterials/NaniteHiddenSectionMaterial.uasset" 531
"../../../Engine/Content/EngineMaterials/NaniteHiddenSectionMaterial.uexp" 532
"../../../Engine/Content/EngineMaterials/InvalidLightmapSettings.ubulk" 533
"../../../Engine/Content/EngineMaterials/InvalidLightmapSettings.uasset" 534
"../../../Engine/Content/EngineMaterials/InvalidLightmapSettings.uexp" 535
"../../../Engine/Content/EngineMaterials/M_InvalidLightmapSettings.uasset" 536
"../../../Engine/Content/EngineMaterials/M_InvalidLightmapSettings.uexp" 537
"../../../Engine/Content/EngineMaterials/GizmoMaterial.uasset" 538
"../../../Engine/Content/EngineMaterials/GizmoMaterial.uexp" 539
"../../../Engine/Content/EngineMaterials/BaseFlattenEmissiveMap_VT.uasset" 540
"../../../Engine/Content/EngineMaterials/BaseFlattenEmissiveMap_VT.uexp" 541
"../../../Engine/Content/EngineMaterials/BaseFlattenGrayscaleMap_VT.uasset" 542
"../../../Engine/Content/EngineMaterials/BaseFlattenGrayscaleMap_VT.uexp" 543
"../../../Engine/Content/EngineMaterials/BaseFlattenLinearColor_VT.uasset" 544
"../../../Engine/Content/EngineMaterials/BaseFlattenLinearColor_VT.uexp" 545
"../../../Engine/Content/EngineMaterials/Black_1x1_EXR_Texture_VT.uasset" 546
"../../../Engine/Content/EngineMaterials/Black_1x1_EXR_Texture_VT.uexp" 547
"../../../Engine/Content/EngineMaterials/BaseFlattenDiffuseMap_VT.uasset" 548
"../../../Engine/Content/EngineMaterials/BaseFlattenDiffuseMap_VT.uexp" 549
"../../../Engine/Content/EngineMaterials/BaseFlattenNormalMap_VT.uasset" 550
"../../../Engine/Content/EngineMaterials/BaseFlattenNormalMap_VT.uexp" 551
"../../../Engine/Content/EngineMaterials/FlattenMaterial_WS_Normal_VT.uasset" 552
"../../../Engine/Content/EngineMaterials/FlattenMaterial_WS_Normal_VT.uexp" 553
"../../../Engine/Content/EngineMaterials/FlattenMaterial_VT.uasset" 554
"../../../Engine/Content/EngineMaterials/FlattenMaterial_VT.uexp" 555
"../../../Engine/Content/EngineMaterials/BaseFlattenNormalMap.uasset" 556
"../../../Engine/Content/EngineMaterials/BaseFlattenNormalMap.uexp" 557
"../../../Engine/Content/EngineMaterials/BaseFlattenGrayscaleMap.uasset" 558
"../../../Engine/Content/EngineMaterials/BaseFlattenGrayscaleMap.uexp" 559
"../../../Engine/Content/EngineMaterials/BaseFlattenDiffuseMap.uasset" 560
"../../../Engine/Content/EngineMaterials/BaseFlattenDiffuseMap.uexp" 561
"../../../Engine/Content/Functions/Engine_MaterialFunctions02/PivotPainter2/Black_1x1_EXR_Texture.uasset" 562
"../../../Engine/Content/Functions/Engine_MaterialFunctions02/PivotPainter2/Black_1x1_EXR_Texture.uexp" 563
"../../../Engine/Content/EngineMaterials/BaseFlattenEmissiveMap.uasset" 564
"../../../Engine/Content/EngineMaterials/BaseFlattenEmissiveMap.uexp" 565
"../../../Engine/Content/EngineMaterials/BaseFlattenLinearColor.uasset" 566
"../../../Engine/Content/EngineMaterials/BaseFlattenLinearColor.uexp" 567
"../../../Engine/Content/EngineMaterials/FlattenMaterial.uasset" 568
"../../../Engine/Content/EngineMaterials/FlattenMaterial.uexp" 569
"../../../Engine/Content/EngineMaterials/DefaultWhiteGrid_Low.uasset" 570
"../../../Engine/Content/EngineMaterials/DefaultWhiteGrid_Low.uexp" 571
"../../../Engine/Content/EngineMaterials/EmissiveMeshMaterial.uasset" 572
"../../../Engine/Content/EngineMaterials/EmissiveMeshMaterial.uexp" 573
"../../../Engine/Content/EngineFonts/RobotoDistanceField.uasset" 574
"../../../Engine/Content/EngineFonts/RobotoDistanceField.uexp" 575
"../../../Engine/Content/EngineMaterials/DefaultTextMaterialOpaque.uasset" 576
"../../../Engine/Content/EngineMaterials/DefaultTextMaterialOpaque.uexp" 577
"../../../Engine/Content/EngineMaterials/DefaultDiffuse.ubulk" 578
"../../../Engine/Content/EngineMaterials/DefaultDiffuse.uasset" 579
"../../../Engine/Content/EngineMaterials/DefaultDiffuse.uexp" 580
"../../../Engine/Content/Functions/Engine_MaterialFunctions02/Utility/BreakOutFloat2Components.uasset" 581
"../../../Engine/Content/Functions/Engine_MaterialFunctions02/Utility/BreakOutFloat2Components.uexp" 582
"../../../Engine/Content/EngineMaterials/DefaultPostProcessMaterial.uasset" 583
"../../../Engine/Content/EngineMaterials/DefaultPostProcessMaterial.uexp" 584
"../../../Engine/Content/EngineMaterials/DefaultPhysicalMaterial.uasset" 585
"../../../Engine/Content/EngineMaterials/DefaultPhysicalMaterial.uexp" 586
"../../../Engine/Content/EngineMaterials/DefaultLightFunctionMaterial.uasset" 587
"../../../Engine/Content/EngineMaterials/DefaultLightFunctionMaterial.uexp" 588
"../../../Engine/Content/EngineMaterials/DefaultDestructiblePhysicalMaterial.uasset" 589
"../../../Engine/Content/EngineMaterials/DefaultDestructiblePhysicalMaterial.uexp" 590
"../../../Engine/Content/EngineMaterials/DefaultDeferredDecalMaterial.uasset" 591
"../../../Engine/Content/EngineMaterials/DefaultDeferredDecalMaterial.uexp" 592
"../../../Engine/Content/EngineMaterials/DefaultBloomKernel.uasset" 593
"../../../Engine/Content/EngineMaterials/DefaultBloomKernel.uexp" 594
"../../../Engine/Content/EngineFonts/Faces/RobotoLight.uexp" 595
"../../../Engine/Content/EngineFonts/Faces/RobotoLight.uasset" 596
"../../../Engine/Content/EngineFonts/Faces/RobotoLight.ufont" 597
"../../../Engine/Content/EngineFonts/Faces/RobotoBold.uexp" 598
"../../../Engine/Content/EngineFonts/Faces/RobotoBold.uasset" 599
"../../../Engine/Content/EngineFonts/Faces/RobotoBold.ufont" 600
"../../../Engine/Content/EngineFonts/Faces/RobotoRegular.uexp" 601
"../../../Engine/Content/EngineFonts/Faces/RobotoRegular.uasset" 602
"../../../Engine/Content/EngineFonts/Faces/RobotoRegular.ufont" 603
"../../../Engine/Content/EngineFonts/Faces/DroidSansFallback.uexp" 604
"../../../Engine/Content/EngineFonts/Faces/DroidSansFallback.uasset" 605
"../../../Engine/Content/EngineFonts/Faces/DroidSansFallback.ufont" 606
"../../../Engine/Content/EngineFonts/Faces/RobotoItalic.uexp" 607
"../../../Engine/Content/EngineFonts/Faces/RobotoItalic.uasset" 608
"../../../Engine/Content/EngineFonts/Faces/RobotoItalic.ufont" 609
"../../../Engine/Content/EngineFonts/Faces/RobotoBoldItalic.uexp" 610
"../../../Engine/Content/EngineFonts/Faces/RobotoBoldItalic.uasset" 611
"../../../Engine/Content/EngineFonts/Faces/RobotoBoldItalic.ufont" 612
"../../../Engine/Content/EngineFonts/Roboto.uasset" 613
"../../../Engine/Content/EngineFonts/Roboto.uexp" 614
"../../../Engine/Content/EngineDebugMaterials/VolumeToRender.uasset" 615
"../../../Engine/Content/EngineDebugMaterials/VolumeToRender.uexp" 616
"../../../Engine/Content/EngineDebugMaterials/M_VolumeRenderSphereTracePP.uasset" 617
"../../../Engine/Content/EngineDebugMaterials/M_VolumeRenderSphereTracePP.uexp" 618
"../../../Engine/Content/EngineDebugMaterials/M_SimpleUnlitTranslucent.uasset" 619
"../../../Engine/Content/EngineDebugMaterials/M_SimpleUnlitTranslucent.uexp" 620
"../../../Engine/Content/EngineDebugMaterials/DebugMeshMaterial.uasset" 621
"../../../Engine/Content/EngineDebugMaterials/DebugMeshMaterial.uexp" 622
"../../../Engine/Content/EngineDebugMaterials/DebugEditorMaterial.uasset" 623
"../../../Engine/Content/EngineDebugMaterials/DebugEditorMaterial.uexp" 624
"../../../Engine/Content/EngineDamageTypes/DmgTypeBP_Environmental.uasset" 625
"../../../Engine/Content/EngineDamageTypes/DmgTypeBP_Environmental.uexp" 626
"../../../Engine/Content/EditorResources/S_Terrain.ubulk" 627
"../../../Engine/Content/EditorResources/S_Terrain.uasset" 628
"../../../Engine/Content/EditorResources/S_Terrain.uexp" 629
"../../../Engine/Content/EditorResources/EmptyActor.uasset" 630
"../../../Engine/Content/EditorResources/EmptyActor.uexp" 631
"../../../Engine/Content/EditorResources/BSPVertex.uasset" 632
"../../../Engine/Content/EditorResources/BSPVertex.uexp" 633
"../../../Engine/Content/EditorMaterials/PreviewShadowIndicator.ubulk" 634
"../../../Engine/Content/EditorMaterials/PreviewShadowIndicator.uasset" 635
"../../../Engine/Content/EditorMaterials/PreviewShadowIndicator.uexp" 636
"../../../Engine/Content/EditorMaterials/PreviewShadowIndicatorMaterial.uasset" 637
"../../../Engine/Content/EditorMaterials/PreviewShadowIndicatorMaterial.uexp" 638
"../../../Engine/Content/EditorMaterials/PhAT_UnselectedMaterial.uasset" 639
"../../../Engine/Content/EditorMaterials/PhAT_UnselectedMaterial.uexp" 640
"../../../Engine/Content/EditorMaterials/PhAT_NoCollisionMaterial.uasset" 641
"../../../Engine/Content/EditorMaterials/PhAT_NoCollisionMaterial.uexp" 642
"../../../Engine/Content/EditorLandscapeResources/DefaultAlphaTexture.uasset" 643
"../../../Engine/Content/EditorLandscapeResources/DefaultAlphaTexture.uexp" 644
"../../../Engine/Content/EditorLandscapeResources/DataLayer.uasset" 645
"../../../Engine/Content/EditorLandscapeResources/DataLayer.uexp" 646
"../../../Engine/Content/EngineMaterials/DefaultMaterial.uasset" 647
"../../../Engine/Content/EngineMaterials/DefaultMaterial.uexp" 648
"../../../Engine/Content/BasicShapes/Sphere.ubulk" 649
"../../../Engine/Content/BasicShapes/Sphere.uasset" 650
"../../../Engine/Content/BasicShapes/Sphere.uexp" 651
"../../../Engine/Content/BasicShapes/Plane.ubulk" 652
"../../../Engine/Content/BasicShapes/Plane.uasset" 653
"../../../Engine/Content/BasicShapes/Plane.uexp" 654
"../../../Engine/Content/BasicShapes/Cone.ubulk" 655
"../../../Engine/Content/BasicShapes/Cone.uasset" 656
"../../../Engine/Content/BasicShapes/Cone.uexp" 657
"../../../Engine/Content/Animation/DefaultVariableFrameStrippingSettings.uasset" 658
"../../../Engine/Content/Animation/DefaultVariableFrameStrippingSettings.uexp" 659
"../../../Engine/Content/Animation/DefaultRecorderBoneCompression.uasset" 660
"../../../Engine/Content/Animation/DefaultRecorderBoneCompression.uexp" 661
"../../../Engine/Plugins/Interchange/Runtime/Content/gltf/MaterialFunctions/MF_RotateV2.uasset" 662
"../../../Engine/Plugins/Interchange/Runtime/Content/gltf/MaterialFunctions/MF_RotateV2.uexp" 663
"../../../Engine/Plugins/Interchange/Runtime/Content/gltf/MaterialFunctions/MF_TransformUVs.uasset" 664
"../../../Engine/Plugins/Interchange/Runtime/Content/gltf/MaterialFunctions/MF_TransformUVs.uexp" 665
"../../../Engine/Plugins/Interchange/Runtime/Content/gltf/Textures/T_White_srgb.uasset" 666
"../../../Engine/Plugins/Interchange/Runtime/Content/gltf/Textures/T_White_srgb.uexp" 667
"../../../Engine/Plugins/Interchange/Runtime/Content/gltf/MaterialFunctions/MF_BaseColor.uasset" 668
"../../../Engine/Plugins/Interchange/Runtime/Content/gltf/MaterialFunctions/MF_BaseColor.uexp" 669
"../../../Engine/Plugins/Interchange/Runtime/Content/gltf/MaterialBodies/MF_Unlit_Body.uasset" 670
"../../../Engine/Plugins/Interchange/Runtime/Content/gltf/MaterialBodies/MF_Unlit_Body.uexp" 671
"../../../Engine/Plugins/Interchange/Runtime/Content/gltf/M_Unlit.uasset" 672
"../../../Engine/Plugins/Interchange/Runtime/Content/gltf/M_Unlit.uexp" 673
"../../../Engine/Plugins/Interchange/Runtime/Content/gltf/MaterialInstances/MI_Unlit_Opaque_DS.uasset" 674
"../../../Engine/Plugins/Interchange/Runtime/Content/gltf/MaterialInstances/MI_Unlit_Opaque_DS.uexp" 675
"../../../Engine/Plugins/Interchange/Runtime/Content/gltf/MaterialInstances/MI_Unlit_Opaque.uasset" 676
"../../../Engine/Plugins/Interchange/Runtime/Content/gltf/MaterialInstances/MI_Unlit_Opaque.uexp" 677
"../../../Engine/Plugins/Interchange/Runtime/Content/gltf/MaterialInstances/MI_Unlit_Mask_DS.uasset" 678
"../../../Engine/Plugins/Interchange/Runtime/Content/gltf/MaterialInstances/MI_Unlit_Mask_DS.uexp" 679
"../../../Engine/Plugins/Interchange/Runtime/Content/gltf/MaterialInstances/MI_Unlit_Mask.uasset" 680
"../../../Engine/Plugins/Interchange/Runtime/Content/gltf/MaterialInstances/MI_Unlit_Mask.uexp" 681
"../../../Engine/Plugins/Interchange/Runtime/Content/gltf/MaterialInstances/MI_Unlit_Blend_DS.uasset" 682
"../../../Engine/Plugins/Interchange/Runtime/Content/gltf/MaterialInstances/MI_Unlit_Blend_DS.uexp" 683
"../../../Engine/Plugins/Interchange/Runtime/Content/gltf/MaterialInstances/MI_Unlit_Blend.uasset" 684
"../../../Engine/Plugins/Interchange/Runtime/Content/gltf/MaterialInstances/MI_Unlit_Blend.uexp" 685
"../../../Engine/Plugins/Interchange/Runtime/Content/gltf/MaterialFunctions/MF_Iridescence.uasset" 686
"../../../Engine/Plugins/Interchange/Runtime/Content/gltf/MaterialFunctions/MF_Iridescence.uexp" 687
"../../../Engine/Plugins/Interchange/Runtime/Content/gltf/Textures/T_White_Linear.uasset" 688
"../../../Engine/Plugins/Interchange/Runtime/Content/gltf/Textures/T_White_Linear.uexp" 689
"../../../Engine/Plugins/Interchange/Runtime/Content/gltf/MaterialFunctions/MF_MetallicRoughness.uasset" 690
"../../../Engine/Plugins/Interchange/Runtime/Content/gltf/MaterialFunctions/MF_MetallicRoughness.uexp" 691
"../../../Engine/Plugins/Interchange/Runtime/Content/gltf/MaterialFunctions/MF_Transmission.uasset" 692
"../../../Engine/Plugins/Interchange/Runtime/Content/gltf/MaterialFunctions/MF_Transmission.uexp" 693
"../../../Engine/Plugins/Interchange/Runtime/Content/gltf/MaterialFunctions/MF_Occlusion.uasset" 694
"../../../Engine/Plugins/Interchange/Runtime/Content/gltf/MaterialFunctions/MF_Occlusion.uexp" 695
"../../../Engine/Plugins/Interchange/Runtime/Content/gltf/MaterialFunctions/MF_Specular.uasset" 696
"../../../Engine/Plugins/Interchange/Runtime/Content/gltf/MaterialFunctions/MF_Specular.uexp" 697
"../../../Engine/Plugins/Interchange/Runtime/Content/gltf/MaterialFunctions/MF_IOR.uasset" 698
"../../../Engine/Plugins/Interchange/Runtime/Content/gltf/MaterialFunctions/MF_IOR.uexp" 699
"../../../Engine/Plugins/Interchange/Runtime/Content/gltf/MaterialFunctions/MF_RotateNormals_TS.uasset" 700
"../../../Engine/Plugins/Interchange/Runtime/Content/gltf/MaterialFunctions/MF_RotateNormals_TS.uexp" 701
"../../../Engine/Plugins/Interchange/Runtime/Content/gltf/Textures/T_Generic_N.uasset" 702
"../../../Engine/Plugins/Interchange/Runtime/Content/gltf/Textures/T_Generic_N.uexp" 703
"../../../Engine/Plugins/Interchange/Runtime/Content/gltf/MaterialFunctions/MF_Normals.uasset" 704
"../../../Engine/Plugins/Interchange/Runtime/Content/gltf/MaterialFunctions/MF_Normals.uexp" 705
"../../../Engine/Plugins/Interchange/Runtime/Content/gltf/MaterialBodies/MF_Transmission_Body.uasset" 706
"../../../Engine/Plugins/Interchange/Runtime/Content/gltf/MaterialBodies/MF_Transmission_Body.uexp" 707
"../../../Engine/Plugins/Interchange/Runtime/Content/gltf/M_Transmission.uasset" 708
"../../../Engine/Plugins/Interchange/Runtime/Content/gltf/M_Transmission.uexp" 709
"../../../Engine/Plugins/Interchange/Runtime/Content/gltf/MaterialInstances/MI_Transmission_DS.uasset" 710
"../../../Engine/Plugins/Interchange/Runtime/Content/gltf/MaterialInstances/MI_Transmission_DS.uexp" 711
"../../../Engine/Plugins/Interchange/Runtime/Content/gltf/MaterialInstances/MI_Transmission.uasset" 712
"../../../Engine/Plugins/Interchange/Runtime/Content/gltf/MaterialInstances/MI_Transmission.uexp" 713
"../../../Engine/Plugins/Interchange/Runtime/Content/gltf/MaterialFunctions/MF_DiffuseSpecGloss.uasset" 714
"../../../Engine/Plugins/Interchange/Runtime/Content/gltf/MaterialFunctions/MF_DiffuseSpecGloss.uexp" 715
"../../../Engine/Content/Functions/Engine_MaterialFunctions02/Math/AddComponents.uasset" 716
"../../../Engine/Content/Functions/Engine_MaterialFunctions02/Math/AddComponents.uexp" 717
"../../../Engine/Plugins/Interchange/Runtime/Content/gltf/MaterialFunctions/MF_PerceivedBrightness.uasset" 718
"../../../Engine/Plugins/Interchange/Runtime/Content/gltf/MaterialFunctions/MF_PerceivedBrightness.uexp" 719
"../../../Engine/Plugins/Interchange/Runtime/Content/gltf/MaterialFunctions/MF_Emissive.uasset" 720
"../../../Engine/Plugins/Interchange/Runtime/Content/gltf/MaterialFunctions/MF_Emissive.uexp" 721
"../../../Engine/Plugins/Interchange/Runtime/Content/gltf/MaterialFunctions/MF_SpecGlossToMetalRoughness.uasset" 722
"../../../Engine/Plugins/Interchange/Runtime/Content/gltf/MaterialFunctions/MF_SpecGlossToMetalRoughness.uexp" 723
"../../../Engine/Plugins/Interchange/Runtime/Content/gltf/MaterialBodies/MF_SpecularGlossiness_Body.uasset" 724
"../../../Engine/Plugins/Interchange/Runtime/Content/gltf/MaterialBodies/MF_SpecularGlossiness_Body.uexp" 725
"../../../Engine/Plugins/Interchange/Runtime/Content/gltf/M_SpecularGlossiness.uasset" 726
"../../../Engine/Plugins/Interchange/Runtime/Content/gltf/M_SpecularGlossiness.uexp" 727
"../../../Engine/Plugins/Interchange/Runtime/Content/gltf/MaterialInstances/MI_SpecularGlossiness_Opaque_DS.uasset" 728
"../../../Engine/Plugins/Interchange/Runtime/Content/gltf/MaterialInstances/MI_SpecularGlossiness_Opaque_DS.uexp" 729
"../../../Engine/Plugins/Interchange/Runtime/Content/gltf/MaterialInstances/MI_SpecularGlossiness_Opaque.uasset" 730
"../../../Engine/Plugins/Interchange/Runtime/Content/gltf/MaterialInstances/MI_SpecularGlossiness_Opaque.uexp" 731
"../../../Engine/Plugins/Interchange/Runtime/Content/gltf/MaterialInstances/MI_SpecularGlossiness_Mask_DS.uasset" 732
"../../../Engine/Plugins/Interchange/Runtime/Content/gltf/MaterialInstances/MI_SpecularGlossiness_Mask_DS.uexp" 733
"../../../Engine/Plugins/Interchange/Runtime/Content/gltf/MaterialInstances/MI_SpecularGlossiness_Mask.uasset" 734
"../../../Engine/Plugins/Interchange/Runtime/Content/gltf/MaterialInstances/MI_SpecularGlossiness_Mask.uexp" 735
"../../../Engine/Plugins/Interchange/Runtime/Content/gltf/MaterialInstances/MI_SpecularGlossiness_Blend_DS.uasset" 736
"../../../Engine/Plugins/Interchange/Runtime/Content/gltf/MaterialInstances/MI_SpecularGlossiness_Blend_DS.uexp" 737
"../../../Engine/Plugins/Interchange/Runtime/Content/gltf/MaterialInstances/MI_SpecularGlossiness_Blend.uasset" 738
"../../../Engine/Plugins/Interchange/Runtime/Content/gltf/MaterialInstances/MI_SpecularGlossiness_Blend.uexp" 739
"../../../Engine/Plugins/Interchange/Runtime/Content/gltf/MaterialFunctions/MF_Sheen.uasset" 740
"../../../Engine/Plugins/Interchange/Runtime/Content/gltf/MaterialFunctions/MF_Sheen.uexp" 741
"../../../Engine/Plugins/Interchange/Runtime/Content/gltf/MaterialBodies/MF_Sheen_Body.uasset" 742
"../../../Engine/Plugins/Interchange/Runtime/Content/gltf/MaterialBodies/MF_Sheen_Body.uexp" 743
"../../../Engine/Plugins/Interchange/Runtime/Content/gltf/M_Sheen.uasset" 744
"../../../Engine/Plugins/Interchange/Runtime/Content/gltf/M_Sheen.uexp" 745
"../../../Engine/Plugins/Interchange/Runtime/Content/gltf/MaterialInstances/MI_Sheen_Opaque_DS.uasset" 746
"../../../Engine/Plugins/Interchange/Runtime/Content/gltf/MaterialInstances/MI_Sheen_Opaque_DS.uexp" 747
"../../../Engine/Plugins/Interchange/Runtime/Content/gltf/MaterialInstances/MI_Sheen_Opaque.uasset" 748
"../../../Engine/Plugins/Interchange/Runtime/Content/gltf/MaterialInstances/MI_Sheen_Opaque.uexp" 749
"../../../Engine/Plugins/Interchange/Runtime/Content/gltf/MaterialInstances/MI_Sheen_Mask_DS.uasset" 750
"../../../Engine/Plugins/Interchange/Runtime/Content/gltf/MaterialInstances/MI_Sheen_Mask_DS.uexp" 751
"../../../Engine/Plugins/Interchange/Runtime/Content/gltf/MaterialInstances/MI_Sheen_Mask.uasset" 752
"../../../Engine/Plugins/Interchange/Runtime/Content/gltf/MaterialInstances/MI_Sheen_Mask.uexp" 753
"../../../Engine/Plugins/Interchange/Runtime/Content/gltf/MaterialInstances/MI_Sheen_Blend_DS.uasset" 754
"../../../Engine/Plugins/Interchange/Runtime/Content/gltf/MaterialInstances/MI_Sheen_Blend_DS.uexp" 755
"../../../Engine/Plugins/Interchange/Runtime/Content/gltf/MaterialInstances/MI_Sheen_Blend.uasset" 756
"../../../Engine/Plugins/Interchange/Runtime/Content/gltf/MaterialInstances/MI_Sheen_Blend.uexp" 757
"../../../Engine/Plugins/Interchange/Runtime/Content/gltf/MaterialBodies/MF_Default_Body.uasset" 758
"../../../Engine/Plugins/Interchange/Runtime/Content/gltf/MaterialBodies/MF_Default_Body.uexp" 759
"../../../Engine/Plugins/Interchange/Runtime/Content/gltf/M_Default.uasset" 760
"../../../Engine/Plugins/Interchange/Runtime/Content/gltf/M_Default.uexp" 761
"../../../Engine/Plugins/Interchange/Runtime/Content/gltf/MaterialInstances/MI_Default_Opaque_DS.uasset" 762
"../../../Engine/Plugins/Interchange/Runtime/Content/gltf/MaterialInstances/MI_Default_Opaque_DS.uexp" 763
"../../../Engine/Plugins/Interchange/Runtime/Content/gltf/MaterialInstances/MI_Default_Opaque.uasset" 764
"../../../Engine/Plugins/Interchange/Runtime/Content/gltf/MaterialInstances/MI_Default_Opaque.uexp" 765
"../../../Engine/Plugins/Interchange/Runtime/Content/gltf/MaterialInstances/MI_Default_Mask_DS.uasset" 766
"../../../Engine/Plugins/Interchange/Runtime/Content/gltf/MaterialInstances/MI_Default_Mask_DS.uexp" 767
"../../../Engine/Plugins/Interchange/Runtime/Content/gltf/MaterialInstances/MI_Default_Mask.uasset" 768
"../../../Engine/Plugins/Interchange/Runtime/Content/gltf/MaterialInstances/MI_Default_Mask.uexp" 769
"../../../Engine/Plugins/Interchange/Runtime/Content/gltf/MaterialInstances/MI_Default_Blend_DS.uasset" 770
"../../../Engine/Plugins/Interchange/Runtime/Content/gltf/MaterialInstances/MI_Default_Blend_DS.uexp" 771
"../../../Engine/Plugins/Interchange/Runtime/Content/gltf/MaterialInstances/MI_Default_Blend.uasset" 772
"../../../Engine/Plugins/Interchange/Runtime/Content/gltf/MaterialInstances/MI_Default_Blend.uexp" 773
"../../../Engine/Content/Functions/Engine_MaterialFunctions01/Texturing/FlattenNormal.uasset" 774
"../../../Engine/Content/Functions/Engine_MaterialFunctions01/Texturing/FlattenNormal.uexp" 775
"../../../Engine/Plugins/Interchange/Runtime/Content/gltf/MaterialFunctions/MF_Clearcoat.uasset" 776
"../../../Engine/Plugins/Interchange/Runtime/Content/gltf/MaterialFunctions/MF_Clearcoat.uexp" 777
"../../../Engine/Plugins/Interchange/Runtime/Content/gltf/MaterialBodies/MF_ClearCoat_Body.uasset" 778
"../../../Engine/Plugins/Interchange/Runtime/Content/gltf/MaterialBodies/MF_ClearCoat_Body.uexp" 779
"../../../Engine/Plugins/Interchange/Runtime/Content/gltf/M_ClearCoat.uasset" 780
"../../../Engine/Plugins/Interchange/Runtime/Content/gltf/M_ClearCoat.uexp" 781
"../../../Engine/Plugins/Interchange/Runtime/Content/gltf/MaterialInstances/MI_ClearCoat_Opaque_DS.uasset" 782
"../../../Engine/Plugins/Interchange/Runtime/Content/gltf/MaterialInstances/MI_ClearCoat_Opaque_DS.uexp" 783
"../../../Engine/Plugins/Interchange/Runtime/Content/gltf/MaterialInstances/MI_ClearCoat_Opaque.uasset" 784
"../../../Engine/Plugins/Interchange/Runtime/Content/gltf/MaterialInstances/MI_ClearCoat_Opaque.uexp" 785
"../../../Engine/Plugins/Interchange/Runtime/Content/gltf/MaterialInstances/MI_ClearCoat_Mask_DS.uasset" 786
"../../../Engine/Plugins/Interchange/Runtime/Content/gltf/MaterialInstances/MI_ClearCoat_Mask_DS.uexp" 787
"../../../Engine/Plugins/Interchange/Runtime/Content/gltf/MaterialInstances/MI_ClearCoat_Mask.uasset" 788
"../../../Engine/Plugins/Interchange/Runtime/Content/gltf/MaterialInstances/MI_ClearCoat_Mask.uexp" 789
"../../../Engine/Plugins/Interchange/Runtime/Content/gltf/MaterialInstances/MI_ClearCoat_Blend_DS.uasset" 790
"../../../Engine/Plugins/Interchange/Runtime/Content/gltf/MaterialInstances/MI_ClearCoat_Blend_DS.uexp" 791
"../../../Engine/Plugins/Interchange/Runtime/Content/gltf/MaterialInstances/MI_ClearCoat_Blend.uasset" 792
"../../../Engine/Plugins/Interchange/Runtime/Content/gltf/MaterialInstances/MI_ClearCoat_Blend.uexp" 793
"../../../Engine/Content/MobileResources/HUD/VirtualJoystick_Background.uasset" 794
"../../../Engine/Content/MobileResources/HUD/VirtualJoystick_Background.uexp" 795
"../../../Engine/Content/MobileResources/HUD/VirtualJoystick_Thumb.uasset" 796
"../../../Engine/Content/MobileResources/HUD/VirtualJoystick_Thumb.uexp" 797
"../../../Engine/Content/MobileResources/HUD/DefaultVirtualJoysticks.uasset" 798
"../../../Engine/Content/MobileResources/HUD/DefaultVirtualJoysticks.uexp" 799
"../../../Engine/Content/EngineSky/VolumetricClouds/CloudWeatherTexture.uasset" 800
"../../../Engine/Content/EngineSky/VolumetricClouds/CloudWeatherTexture.uexp" 801
"../../../Engine/Content/Functions/Engine_MaterialFunctions02/Utility/MakeFloat2.uasset" 802
"../../../Engine/Content/Functions/Engine_MaterialFunctions02/Utility/MakeFloat2.uexp" 803
"../../../Engine/Content/EngineSky/VolumetricClouds/CloudGradientTexture.uasset" 804
"../../../Engine/Content/EngineSky/VolumetricClouds/CloudGradientTexture.uexp" 805
"../../../Engine/Content/EngineSky/VolumetricClouds/T_NoiseShape64.ubulk" 806
"../../../Engine/Content/EngineSky/VolumetricClouds/T_NoiseShape64.uasset" 807
"../../../Engine/Content/EngineSky/VolumetricClouds/T_NoiseShape64.uexp" 808
"../../../Engine/Content/EngineSky/VolumetricClouds/T_VolumeNoiseShape64.uasset" 809
"../../../Engine/Content/EngineSky/VolumetricClouds/T_VolumeNoiseShape64.uexp" 810
"../../../Engine/Content/EngineSky/VolumetricClouds/T_NoiseErosion.ubulk" 811
"../../../Engine/Content/EngineSky/VolumetricClouds/T_NoiseErosion.uasset" 812
"../../../Engine/Content/EngineSky/VolumetricClouds/T_NoiseErosion.uexp" 813
"../../../Engine/Content/EngineSky/VolumetricClouds/T_VolumeNoiseErosion32.uasset" 814
"../../../Engine/Content/EngineSky/VolumetricClouds/T_VolumeNoiseErosion32.uexp" 815
"../../../Engine/Content/EngineSky/VolumetricClouds/m_SimpleVolumetricCloud.uasset" 816
"../../../Engine/Content/EngineSky/VolumetricClouds/m_SimpleVolumetricCloud.uexp" 817
"../../../Engine/Content/EngineSky/VolumetricClouds/m_SimpleVolumetricCloud_Inst.uasset" 818
"../../../Engine/Content/EngineSky/VolumetricClouds/m_SimpleVolumetricCloud_Inst.uexp" 819
"../../../Engine/Content/EngineResources/FilmGrains/Marcie_Grain_v3_128_M2_000.uasset" 820
"../../../Engine/Content/EngineResources/FilmGrains/Marcie_Grain_v3_128_M2_000.uexp" 821
"../../../Engine/Content/EditorResources/SequenceRecorder/RecordingIndicator.uasset" 822
"../../../Engine/Content/EditorResources/SequenceRecorder/RecordingIndicator.uexp" 823
"../../../Engine/Content/EditorResources/SequenceRecorder/Countdown.uasset" 824
"../../../Engine/Content/EditorResources/SequenceRecorder/Countdown.uexp" 825
"../../../Engine/Content/EditorMaterials/Dataflow/DataflowVertexMaterial.uasset" 826
"../../../Engine/Content/EditorMaterials/Dataflow/DataflowVertexMaterial.uexp" 827
"../../../Engine/Content/Functions/Engine_MaterialFunctions01/Shading/PowerToRoughness.uasset" 828
"../../../Engine/Content/Functions/Engine_MaterialFunctions01/Shading/PowerToRoughness.uexp" 829
"../../../Engine/Content/Functions/Engine_MaterialFunctions01/Shading/ConvertFromDiffSpec.uasset" 830
"../../../Engine/Content/Functions/Engine_MaterialFunctions01/Shading/ConvertFromDiffSpec.uexp" 831
"../../../Engine/Content/EngineMaterials/Substrate/Volume/SubstrateSimpleVolumeLUT3D.uasset" 832
"../../../Engine/Content/EngineMaterials/Substrate/Volume/SubstrateSimpleVolumeLUT3D.uexp" 833
"../../../Engine/Content/EngineMaterials/Substrate/Volume/SubstrateSimpleVolumeEnvLUT3D.uasset" 834
"../../../Engine/Content/EngineMaterials/Substrate/Volume/SubstrateSimpleVolumeEnvLUT3D.uexp" 835
"../../../Engine/Content/EngineMaterials/Substrate/GLints2/AGlintTex2dArray2.uasset" 836
"../../../Engine/Content/EngineMaterials/Substrate/GLints2/AGlintTex2dArray2.uexp" 837
"../../../Engine/Content/EngineMaterials/Substrate/GLints/AGlintTex2dArray.uasset" 838
"../../../Engine/Content/EngineMaterials/Substrate/GLints/AGlintTex2dArray.uexp" 839
"../../../Engine/Content/EngineMaterials/BlendFunc_DefBlend.uasset" 840
"../../../Engine/Content/EngineMaterials/BlendFunc_DefBlend.uexp" 841
"../../../Engine/Content/OpenWorldTemplate/LandscapeMaterial/T_GridChecker_A.ubulk" 842
"../../../Engine/Content/OpenWorldTemplate/LandscapeMaterial/T_GridChecker_A.uasset" 843
"../../../Engine/Content/OpenWorldTemplate/LandscapeMaterial/T_GridChecker_A.uexp" 844
"../../../Engine/Content/EngineMaterials/BlendFunc_DefBase.uasset" 845
"../../../Engine/Content/EngineMaterials/BlendFunc_DefBase.uexp" 846
"../../../Engine/Content/Functions/Engine_MaterialFunctions03/Blends/Blend_Overlay.uasset" 847
"../../../Engine/Content/Functions/Engine_MaterialFunctions03/Blends/Blend_Overlay.uexp" 848
"../../../Engine/Content/Functions/Engine_MaterialFunctions01/Gradient/LinearGradient.uasset" 849
"../../../Engine/Content/Functions/Engine_MaterialFunctions01/Gradient/LinearGradient.uexp" 850
"../../../Engine/Content/Functions/Engine_MaterialFunctions01/ImageAdjustment/CheapContrast.uasset" 851
"../../../Engine/Content/Functions/Engine_MaterialFunctions01/ImageAdjustment/CheapContrast.uexp" 852
"../../../Engine/Content/OpenWorldTemplate/LandscapeMaterial/MF_ProcGrid.uasset" 853
"../../../Engine/Content/OpenWorldTemplate/LandscapeMaterial/MF_ProcGrid.uexp" 854
"../../../Engine/Content/OpenWorldTemplate/LandscapeMaterial/M_ProcGrid.uasset" 855
"../../../Engine/Content/OpenWorldTemplate/LandscapeMaterial/M_ProcGrid.uexp" 856
"../../../Engine/Content/OpenWorldTemplate/LandscapeMaterial/MI_ProcGrid.uasset" 857
"../../../Engine/Content/OpenWorldTemplate/LandscapeMaterial/MI_ProcGrid.uexp" 858
"../../../Engine/Content/EngineSky/T_Sky_Stars.ubulk" 859
"../../../Engine/Content/EngineSky/T_Sky_Stars.uasset" 860
"../../../Engine/Content/EngineSky/T_Sky_Stars.uexp" 861
"../../../Engine/Content/EngineSky/T_Sky_Clouds_M.ubulk" 862
"../../../Engine/Content/EngineSky/T_Sky_Clouds_M.uasset" 863
"../../../Engine/Content/EngineSky/T_Sky_Clouds_M.uexp" 864
"../../../Engine/Content/EngineSky/T_Sky_Blue.ubulk" 865
"../../../Engine/Content/EngineSky/T_Sky_Blue.uasset" 866
"../../../Engine/Content/EngineSky/T_Sky_Blue.uexp" 867
"../../../Engine/Content/EngineSky/M_Sky_Panning_Clouds2.uasset" 868
"../../../Engine/Content/EngineSky/M_Sky_Panning_Clouds2.uexp" 869
"../../../Engine/Content/EngineSky/SM_SkySphere.ubulk" 870
"../../../Engine/Content/EngineSky/SM_SkySphere.uasset" 871
"../../../Engine/Content/EngineSky/SM_SkySphere.uexp" 872
"../../../Engine/Content/MapTemplates/SM_Template_Map_Floor.ubulk" 873
"../../../Engine/Content/MapTemplates/SM_Template_Map_Floor.uasset" 874
"../../../Engine/Content/MapTemplates/SM_Template_Map_Floor.uexp" 875
"C:/Users/matte/Documents/Unreal Projects/UnrealCPPSimpleGame/Content/UI/WBP_Istruzioni.uasset" 876
"C:/Users/matte/Documents/Unreal Projects/UnrealCPPSimpleGame/Content/UI/WBP_Istruzioni.uexp" 877
"../../../Engine/Content/Tutorial/SubEditors/TutorialAssets/Character/TutorialTPP_Skeleton.uasset" 878
"../../../Engine/Content/Tutorial/SubEditors/TutorialAssets/Character/TutorialTPP_Skeleton.uexp" 879
"../../../Engine/Content/Tutorial/SubEditors/TutorialAssets/Character/TutorialTPP_Mat.uasset" 880
"../../../Engine/Content/Tutorial/SubEditors/TutorialAssets/Character/TutorialTPP_Mat.uexp" 881
"../../../Engine/Content/Tutorial/SubEditors/TutorialAssets/Character/TutorialTPP_PhysicsAsset.uasset" 882
"../../../Engine/Content/Tutorial/SubEditors/TutorialAssets/Character/TutorialTPP_PhysicsAsset.uexp" 883
"../../../Engine/Content/Tutorial/SubEditors/TutorialAssets/Character/TutorialTPP.uasset" 884
"../../../Engine/Content/Tutorial/SubEditors/TutorialAssets/Character/TutorialTPP.uexp" 885
"C:/Users/matte/Documents/Unreal Projects/UnrealCPPSimpleGame/Content/Player/Input/InputAction/IA_Look.uasset" 886
"C:/Users/matte/Documents/Unreal Projects/UnrealCPPSimpleGame/Content/Player/Input/InputAction/IA_Look.uexp" 887
"C:/Users/matte/Documents/Unreal Projects/UnrealCPPSimpleGame/Content/SpawnablePlatform/BP_Test2.uasset" 888
"C:/Users/matte/Documents/Unreal Projects/UnrealCPPSimpleGame/Content/SpawnablePlatform/BP_Test2.uexp" 889
"C:/Users/matte/Documents/Unreal Projects/UnrealCPPSimpleGame/Content/Player/Input/InputAction/IA_BlockSelection.uasset" 890
"C:/Users/matte/Documents/Unreal Projects/UnrealCPPSimpleGame/Content/Player/Input/InputAction/IA_BlockSelection.uexp" 891
"C:/Users/matte/Documents/Unreal Projects/UnrealCPPSimpleGame/Content/Player/Input/InputAction/IA_Jump.uasset" 892
"C:/Users/matte/Documents/Unreal Projects/UnrealCPPSimpleGame/Content/Player/Input/InputAction/IA_Jump.uexp" 893
"C:/Users/matte/Documents/Unreal Projects/UnrealCPPSimpleGame/Content/Player/Input/InputAction/IA_SpawnBlock.uasset" 894
"C:/Users/matte/Documents/Unreal Projects/UnrealCPPSimpleGame/Content/Player/Input/InputAction/IA_SpawnBlock.uexp" 895
"C:/Users/matte/Documents/Unreal Projects/UnrealCPPSimpleGame/Content/Player/Input/InputAction/IA_Move.uasset" 896
"C:/Users/matte/Documents/Unreal Projects/UnrealCPPSimpleGame/Content/Player/Input/InputAction/IA_Move.uexp" 897
"C:/Users/matte/Documents/Unreal Projects/UnrealCPPSimpleGame/Content/Player/Input/InputAction/IA_DestroyBlock.uasset" 898
"C:/Users/matte/Documents/Unreal Projects/UnrealCPPSimpleGame/Content/Player/Input/InputAction/IA_DestroyBlock.uexp" 899
"C:/Users/matte/Documents/Unreal Projects/UnrealCPPSimpleGame/Content/Player/Input/IMC_MainInputMap.uasset" 900
"C:/Users/matte/Documents/Unreal Projects/UnrealCPPSimpleGame/Content/Player/Input/IMC_MainInputMap.uexp" 901
"C:/Users/matte/Documents/Unreal Projects/UnrealCPPSimpleGame/Content/SpawnablePlatform/BP_JumpPad.uasset" 902
"C:/Users/matte/Documents/Unreal Projects/UnrealCPPSimpleGame/Content/SpawnablePlatform/BP_JumpPad.uexp" 903
"C:/Users/matte/Documents/Unreal Projects/UnrealCPPSimpleGame/Content/SpawnablePlatform/BP_Test.uasset" 904
"C:/Users/matte/Documents/Unreal Projects/UnrealCPPSimpleGame/Content/SpawnablePlatform/BP_Test.uexp" 905
"C:/Users/matte/Documents/Unreal Projects/UnrealCPPSimpleGame/Content/Player/BP_PlayerCharater.uasset" 906
"C:/Users/matte/Documents/Unreal Projects/UnrealCPPSimpleGame/Content/Player/BP_PlayerCharater.uexp" 907
"C:/Users/matte/Documents/Unreal Projects/UnrealCPPSimpleGame/Content/Player/GM_BaseGameMode.uasset" 908
"C:/Users/matte/Documents/Unreal Projects/UnrealCPPSimpleGame/Content/Player/GM_BaseGameMode.uexp" 909
"../../../Engine/Content/BasicShapes/Cylinder.ubulk" 910
"../../../Engine/Content/BasicShapes/Cylinder.uasset" 911
"../../../Engine/Content/BasicShapes/Cylinder.uexp" 912
"C:/Users/matte/Documents/Unreal Projects/UnrealCPPSimpleGame/Content/Interactable/BP_Teleport.uasset" 913
"C:/Users/matte/Documents/Unreal Projects/UnrealCPPSimpleGame/Content/Interactable/BP_Teleport.uexp" 914
"../../../Engine/Content/EngineSky/M_SimpleSkyDome.uasset" 915
"../../../Engine/Content/EngineSky/M_SimpleSkyDome.uexp" 916
"C:/Users/matte/Documents/Unreal Projects/UnrealCPPSimpleGame/Content/Scene/TestMap.uexp" 917
"C:/Users/matte/Documents/Unreal Projects/UnrealCPPSimpleGame/Content/Scene/TestMap.umap" 918
"C:/Users/matte/Documents/Unreal Projects/UnrealCPPSimpleGame/Content/Interactable/BP_PressurePlate.uasset" 919
"C:/Users/matte/Documents/Unreal Projects/UnrealCPPSimpleGame/Content/Interactable/BP_PressurePlate.uexp" 920
"C:/Users/matte/Documents/Unreal Projects/UnrealCPPSimpleGame/Content/Interactable/BP_MobilePlatform.uasset" 921
"C:/Users/matte/Documents/Unreal Projects/UnrealCPPSimpleGame/Content/Interactable/BP_MobilePlatform.uexp" 922
"C:/Users/matte/Documents/Unreal Projects/UnrealCPPSimpleGame/Content/Interactable/BP_FinishLine.uasset" 923
"C:/Users/matte/Documents/Unreal Projects/UnrealCPPSimpleGame/Content/Interactable/BP_FinishLine.uexp" 924
"C:/Users/matte/Documents/Unreal Projects/UnrealCPPSimpleGame/Content/Scene/Levl2.uexp" 925
"C:/Users/matte/Documents/Unreal Projects/UnrealCPPSimpleGame/Content/Scene/Levl2.umap" 926
"C:/Users/matte/Documents/Unreal Projects/UnrealCPPSimpleGame/Content/Scene/Level1.uexp" 927
"C:/Users/matte/Documents/Unreal Projects/UnrealCPPSimpleGame/Content/Scene/Level1.umap" 928
"../../../Engine/Content/Maps/Entry_BuiltData.uasset" 929
"../../../Engine/Content/Maps/Entry_BuiltData.uexp" 930
"../../../Engine/Content/Maps/Entry.uexp" 931
"../../../Engine/Content/Maps/Entry.umap" 932
